{"/home/travis/build/npmtest/node-npmtest-raspi-io/test.js":{"path":"/home/travis/build/npmtest/node-npmtest-raspi-io/test.js","s":{"1":2,"2":2,"3":2,"4":2,"5":2,"6":2,"7":2,"8":1,"9":2,"10":2,"11":1,"12":1,"13":1,"14":1,"15":2,"16":2,"17":2,"18":2,"19":1,"20":1,"21":2,"22":2,"23":2,"24":1,"25":1,"26":1,"27":1,"28":1,"29":1,"30":1,"31":1,"32":1,"33":1,"34":1,"35":1,"36":1,"37":1,"38":1,"39":2,"40":2,"41":1,"42":2,"43":2,"44":1,"45":2,"46":2,"47":1,"48":2,"49":2,"50":1,"51":1,"52":1,"53":1,"54":1},"b":{"1":[2,1,1,1],"2":[1,1,1,1],"3":[1,1],"4":[1,1],"5":[1,1],"6":[1,1],"7":[1,1],"8":[1,1],"9":[1,1],"10":[1,1,1],"11":[1,1],"12":[1,1],"13":[1,1],"14":[1,1],"15":[1,1],"16":[1,1],"17":[1,1]},"f":{"1":2,"2":2,"3":2,"4":2,"5":2,"6":1,"7":1,"8":1,"9":2,"10":2,"11":2,"12":2,"13":1},"fnMap":{"1":{"name":"(anonymous_1)","line":12,"loc":{"start":{"line":12,"column":1},"end":{"line":12,"column":13}}},"2":{"name":"(anonymous_2)","line":19,"loc":{"start":{"line":19,"column":5},"end":{"line":19,"column":17}}},"3":{"name":"(anonymous_3)","line":23,"loc":{"start":{"line":23,"column":24},"end":{"line":23,"column":36}}},"4":{"name":"(anonymous_4)","line":61,"loc":{"start":{"line":61,"column":5},"end":{"line":61,"column":17}}},"5":{"name":"(anonymous_5)","line":82,"loc":{"start":{"line":82,"column":5},"end":{"line":82,"column":17}}},"6":{"name":"(anonymous_6)","line":91,"loc":{"start":{"line":91,"column":77},"end":{"line":94,"column":10}}},"7":{"name":"(anonymous_7)","line":112,"loc":{"start":{"line":112,"column":83},"end":{"line":115,"column":10}},"skip":true},"8":{"name":"(anonymous_8)","line":123,"loc":{"start":{"line":123,"column":77},"end":{"line":126,"column":10}},"skip":true},"9":{"name":"(anonymous_9)","line":139,"loc":{"start":{"line":139,"column":12},"end":{"line":139,"column":40}},"skip":true},"10":{"name":"(anonymous_10)","line":147,"loc":{"start":{"line":147,"column":77},"end":{"line":150,"column":10}},"skip":true},"11":{"name":"(anonymous_11)","line":158,"loc":{"start":{"line":158,"column":83},"end":{"line":161,"column":10}},"skip":true},"12":{"name":"(anonymous_12)","line":169,"loc":{"start":{"line":169,"column":79},"end":{"line":172,"column":10}},"skip":true},"13":{"name":"(anonymous_13)","line":180,"loc":{"start":{"line":180,"column":75},"end":{"line":183,"column":10}},"skip":true}},"statementMap":{"1":{"start":{"line":12,"column":0},"end":{"line":195,"column":5}},"2":{"start":{"line":14,"column":4},"end":{"line":14,"column":14}},"3":{"start":{"line":19,"column":4},"end":{"line":56,"column":9}},"4":{"start":{"line":21,"column":8},"end":{"line":21,"column":19}},"5":{"start":{"line":23,"column":8},"end":{"line":35,"column":13}},"6":{"start":{"line":24,"column":12},"end":{"line":34,"column":13}},"7":{"start":{"line":25,"column":16},"end":{"line":28,"column":30}},"8":{"start":{"line":30,"column":16},"end":{"line":33,"column":27}},"9":{"start":{"line":37,"column":8},"end":{"line":39,"column":21}},"10":{"start":{"line":40,"column":8},"end":{"line":53,"column":9}},"11":{"start":{"line":43,"column":12},"end":{"line":46,"column":14}},"12":{"start":{"line":47,"column":12},"end":{"line":47,"column":18}},"13":{"start":{"line":50,"column":12},"end":{"line":51,"column":33}},"14":{"start":{"line":52,"column":12},"end":{"line":52,"column":18}},"15":{"start":{"line":55,"column":8},"end":{"line":55,"column":35}},"16":{"start":{"line":61,"column":4},"end":{"line":63,"column":9}},"17":{"start":{"line":62,"column":8},"end":{"line":62,"column":15}},"18":{"start":{"line":64,"column":4},"end":{"line":77,"column":5}},"19":{"start":{"line":70,"column":8},"end":{"line":70,"column":14}},"20":{"start":{"line":76,"column":8},"end":{"line":76,"column":14}},"21":{"start":{"line":82,"column":4},"end":{"line":84,"column":9}},"22":{"start":{"line":83,"column":8},"end":{"line":83,"column":15}},"23":{"start":{"line":85,"column":4},"end":{"line":194,"column":5}},"24":{"start":{"line":91,"column":8},"end":{"line":99,"column":10}},"25":{"start":{"line":98,"column":12},"end":{"line":98,"column":35}},"26":{"start":{"line":102,"column":8},"end":{"line":104,"column":63}},"27":{"start":{"line":105,"column":8},"end":{"line":105,"column":14}},"28":{"start":{"line":112,"column":8},"end":{"line":121,"column":10},"skip":true},"29":{"start":{"line":119,"column":12},"end":{"line":119,"column":55},"skip":true},"30":{"start":{"line":120,"column":12},"end":{"line":120,"column":48},"skip":true},"31":{"start":{"line":123,"column":8},"end":{"line":136,"column":10},"skip":true},"32":{"start":{"line":130,"column":12},"end":{"line":130,"column":76},"skip":true},"33":{"start":{"line":131,"column":12},"end":{"line":131,"column":73},"skip":true},"34":{"start":{"line":132,"column":12},"end":{"line":132,"column":74},"skip":true},"35":{"start":{"line":133,"column":12},"end":{"line":133,"column":79},"skip":true},"36":{"start":{"line":134,"column":12},"end":{"line":134,"column":25},"skip":true},"37":{"start":{"line":135,"column":12},"end":{"line":135,"column":45},"skip":true},"38":{"start":{"line":138,"column":8},"end":{"line":145,"column":14},"skip":true},"39":{"start":{"line":143,"column":16},"end":{"line":143,"column":29},"skip":true},"40":{"start":{"line":144,"column":16},"end":{"line":144,"column":55},"skip":true},"41":{"start":{"line":147,"column":8},"end":{"line":156,"column":10},"skip":true},"42":{"start":{"line":154,"column":12},"end":{"line":154,"column":25},"skip":true},"43":{"start":{"line":155,"column":12},"end":{"line":155,"column":45},"skip":true},"44":{"start":{"line":158,"column":8},"end":{"line":167,"column":10},"skip":true},"45":{"start":{"line":165,"column":12},"end":{"line":165,"column":25},"skip":true},"46":{"start":{"line":166,"column":12},"end":{"line":166,"column":48},"skip":true},"47":{"start":{"line":169,"column":8},"end":{"line":178,"column":10},"skip":true},"48":{"start":{"line":176,"column":12},"end":{"line":176,"column":25},"skip":true},"49":{"start":{"line":177,"column":12},"end":{"line":177,"column":46},"skip":true},"50":{"start":{"line":180,"column":8},"end":{"line":189,"column":10},"skip":true},"51":{"start":{"line":187,"column":12},"end":{"line":187,"column":94},"skip":true},"52":{"start":{"line":188,"column":12},"end":{"line":188,"column":48},"skip":true},"53":{"start":{"line":192,"column":8},"end":{"line":192,"column":35},"skip":true},"54":{"start":{"line":193,"column":8},"end":{"line":193,"column":14},"skip":true}},"branchMap":{"1":{"line":25,"type":"binary-expr","locations":[{"start":{"line":25,"column":23},"end":{"line":25,"column":62}},{"start":{"line":26,"column":20},"end":{"line":26,"column":70}},{"start":{"line":27,"column":20},"end":{"line":27,"column":71}},{"start":{"line":28,"column":20},"end":{"line":28,"column":29}}]},"2":{"line":30,"type":"binary-expr","locations":[{"start":{"line":30,"column":23},"end":{"line":30,"column":37}},{"start":{"line":31,"column":20},"end":{"line":31,"column":61}},{"start":{"line":32,"column":20},"end":{"line":32,"column":70}},{"start":{"line":33,"column":20},"end":{"line":33,"column":26}}]},"3":{"line":37,"type":"cond-expr","locations":[{"start":{"line":38,"column":14},"end":{"line":38,"column":20}},{"start":{"line":39,"column":14},"end":{"line":39,"column":20}}]},"4":{"line":40,"type":"switch","locations":[{"start":{"line":42,"column":8},"end":{"line":47,"column":18}},{"start":{"line":49,"column":8},"end":{"line":52,"column":18}}]},"5":{"line":44,"type":"binary-expr","locations":[{"start":{"line":44,"column":16},"end":{"line":44,"column":44}},{"start":{"line":44,"column":48},"end":{"line":44,"column":66}}]},"6":{"line":50,"type":"binary-expr","locations":[{"start":{"line":50,"column":21},"end":{"line":50,"column":49}},{"start":{"line":50,"column":53},"end":{"line":50,"column":72}}]},"7":{"line":64,"type":"switch","locations":[{"start":{"line":69,"column":4},"end":{"line":70,"column":14}},{"start":{"line":75,"column":4},"end":{"line":76,"column":14}}]},"8":{"line":85,"type":"switch","locations":[{"start":{"line":90,"column":4},"end":{"line":105,"column":14}},{"start":{"line":111,"column":4},"end":{"line":193,"column":14},"skip":true}]},"9":{"line":91,"type":"binary-expr","locations":[{"start":{"line":91,"column":42},"end":{"line":91,"column":73}},{"start":{"line":91,"column":77},"end":{"line":99,"column":9}}]},"10":{"line":102,"type":"binary-expr","locations":[{"start":{"line":102,"column":18},"end":{"line":102,"column":32}},{"start":{"line":103,"column":12},"end":{"line":103,"column":53}},{"start":{"line":104,"column":12},"end":{"line":104,"column":61}}]},"11":{"line":112,"type":"binary-expr","locations":[{"start":{"line":112,"column":45},"end":{"line":112,"column":79},"skip":true},{"start":{"line":112,"column":83},"end":{"line":121,"column":9},"skip":true}]},"12":{"line":123,"type":"binary-expr","locations":[{"start":{"line":123,"column":42},"end":{"line":123,"column":73},"skip":true},{"start":{"line":123,"column":77},"end":{"line":136,"column":9},"skip":true}]},"13":{"line":138,"type":"binary-expr","locations":[{"start":{"line":138,"column":48},"end":{"line":138,"column":85},"skip":true},{"start":{"line":139,"column":12},"end":{"line":145,"column":13},"skip":true}]},"14":{"line":147,"type":"binary-expr","locations":[{"start":{"line":147,"column":42},"end":{"line":147,"column":73},"skip":true},{"start":{"line":147,"column":77},"end":{"line":156,"column":9},"skip":true}]},"15":{"line":158,"type":"binary-expr","locations":[{"start":{"line":158,"column":45},"end":{"line":158,"column":79},"skip":true},{"start":{"line":158,"column":83},"end":{"line":167,"column":9},"skip":true}]},"16":{"line":169,"type":"binary-expr","locations":[{"start":{"line":169,"column":43},"end":{"line":169,"column":75},"skip":true},{"start":{"line":169,"column":79},"end":{"line":178,"column":9},"skip":true}]},"17":{"line":180,"type":"binary-expr","locations":[{"start":{"line":180,"column":41},"end":{"line":180,"column":71},"skip":true},{"start":{"line":180,"column":75},"end":{"line":189,"column":9},"skip":true}]}},"code":["/* istanbul instrument in package npmtest_raspi_io */","/*jslint","    bitwise: true,","    browser: true,","    maxerr: 8,","    maxlen: 96,","    node: true,","    nomen: true,","    regexp: true,","    stupid: true","*/","(function () {","    'use strict';","    var local;","","","","    // run shared js-env code - init-before","    (function () {","        // init local","        local = {};","        // init modeJs","        local.modeJs = (function () {","            try {","                return typeof navigator.userAgent === 'string' &&","                    typeof document.querySelector('body') === 'object' &&","                    typeof XMLHttpRequest.prototype.open === 'function' &&","                    'browser';","            } catch (errorCaughtBrowser) {","                return module.exports &&","                    typeof process.versions.node === 'string' &&","                    typeof require('http').createServer === 'function' &&","                    'node';","            }","        }());","        // init global","        local.global = local.modeJs === 'browser'","            ? window","            : global;","        switch (local.modeJs) {","        // re-init local from window.local","        case 'browser':","            local = local.global.utility2.objectSetDefault(","                local.global.utility2_rollup || local.global.local,","                local.global.utility2","            );","            break;","        // re-init local from example.js","        case 'node':","            local = (local.global.utility2_rollup || require('utility2'))","                .requireReadme();","            break;","        }","        // export local","        local.global.local = local;","    }());","","","","    // run shared js-env code - function","    (function () {","        return;","    }());","    switch (local.modeJs) {","","","","    // run browser js-env code - function","    case 'browser':","        break;","","","","    // run node js-env code - function","    case 'node':","        break;","    }","","","","    // run shared js-env code - init-after","    (function () {","        return;","    }());","    switch (local.modeJs) {","","","","    // run browser js-env code - init-after","    case 'browser':","        local.testCase_browser_nullCase = local.testCase_browser_nullCase || function (","            options,","            onError","        ) {","        /*","         * this function will test browsers's null-case handling-behavior-behavior","         */","            onError(null, options);","        };","","        // run tests","        local.nop(local.modeTest &&","            document.querySelector('#testRunButton1') &&","            document.querySelector('#testRunButton1').click());","        break;","","","","    // run node js-env code - init-after","    /* istanbul ignore next */","    case 'node':","        local.testCase_buildApidoc_default = local.testCase_buildApidoc_default || function (","            options,","            onError","        ) {","        /*","         * this function will test buildApidoc's default handling-behavior-behavior","         */","            options = { modulePathList: module.paths };","            local.buildApidoc(options, onError);","        };","","        local.testCase_buildApp_default = local.testCase_buildApp_default || function (","            options,","            onError","        ) {","        /*","         * this function will test buildApp's default handling-behavior-behavior","         */","            local.testCase_buildReadme_default(options, local.onErrorThrow);","            local.testCase_buildLib_default(options, local.onErrorThrow);","            local.testCase_buildTest_default(options, local.onErrorThrow);","            local.testCase_buildCustomOrg_default(options, local.onErrorThrow);","            options = [];","            local.buildApp(options, onError);","        };","","        local.testCase_buildCustomOrg_default = local.testCase_buildCustomOrg_default ||","            function (options, onError) {","            /*","             * this function will test buildCustomOrg's default handling-behavior","             */","                options = {};","                local.buildCustomOrg(options, onError);","            };","","        local.testCase_buildLib_default = local.testCase_buildLib_default || function (","            options,","            onError","        ) {","        /*","         * this function will test buildLib's default handling-behavior","         */","            options = {};","            local.buildLib(options, onError);","        };","","        local.testCase_buildReadme_default = local.testCase_buildReadme_default || function (","            options,","            onError","        ) {","        /*","         * this function will test buildReadme's default handling-behavior-behavior","         */","            options = {};","            local.buildReadme(options, onError);","        };","","        local.testCase_buildTest_default = local.testCase_buildTest_default || function (","            options,","            onError","        ) {","        /*","         * this function will test buildTest's default handling-behavior","         */","            options = {};","            local.buildTest(options, onError);","        };","","        local.testCase_webpage_default = local.testCase_webpage_default || function (","            options,","            onError","        ) {","        /*","         * this function will test webpage's default handling-behavior","         */","            options = { modeCoverageMerge: true, url: local.serverLocalHost + '?modeTest=1' };","            local.browserTest(options, onError);","        };","","        // run test-server","        local.testRunServer(local);","        break;","    }","}());",""],"l":{"12":2,"14":2,"19":2,"21":2,"23":2,"24":2,"25":2,"30":1,"37":2,"40":2,"43":1,"47":1,"50":1,"52":1,"55":2,"61":2,"62":2,"64":2,"70":1,"76":1,"82":2,"83":2,"85":2,"91":1,"98":1,"102":1,"105":1,"112":1,"119":1,"120":1,"123":1,"130":1,"131":1,"132":1,"133":1,"134":1,"135":1,"138":1,"143":2,"144":2,"147":1,"154":2,"155":2,"158":1,"165":2,"166":2,"169":1,"176":2,"177":2,"180":1,"187":1,"188":1,"192":1,"193":1}},"/home/travis/build/npmtest/node-npmtest-raspi-io/lib.npmtest_raspi_io.js":{"path":"/home/travis/build/npmtest/node-npmtest-raspi-io/lib.npmtest_raspi_io.js","s":{"1":2,"2":2,"3":2,"4":2,"5":2,"6":2,"7":2,"8":1,"9":2,"10":2,"11":2,"12":2,"13":1,"14":1,"15":1,"16":1},"b":{"1":[2,1,1,1],"2":[1,1,1,1],"3":[1,1],"4":[2,2],"5":[1,1]},"f":{"1":2,"2":2,"3":2},"fnMap":{"1":{"name":"(anonymous_1)","line":12,"loc":{"start":{"line":12,"column":1},"end":{"line":12,"column":13}}},"2":{"name":"(anonymous_2)","line":19,"loc":{"start":{"line":19,"column":5},"end":{"line":19,"column":17}}},"3":{"name":"(anonymous_3)","line":23,"loc":{"start":{"line":23,"column":24},"end":{"line":23,"column":36}}}},"statementMap":{"1":{"start":{"line":12,"column":0},"end":{"line":53,"column":5}},"2":{"start":{"line":14,"column":4},"end":{"line":14,"column":14}},"3":{"start":{"line":19,"column":4},"end":{"line":52,"column":9}},"4":{"start":{"line":21,"column":8},"end":{"line":21,"column":19}},"5":{"start":{"line":23,"column":8},"end":{"line":35,"column":13}},"6":{"start":{"line":24,"column":12},"end":{"line":34,"column":13}},"7":{"start":{"line":25,"column":16},"end":{"line":28,"column":30}},"8":{"start":{"line":30,"column":16},"end":{"line":33,"column":27}},"9":{"start":{"line":37,"column":8},"end":{"line":39,"column":21}},"10":{"start":{"line":41,"column":8},"end":{"line":41,"column":54}},"11":{"start":{"line":43,"column":8},"end":{"line":43,"column":53}},"12":{"start":{"line":45,"column":8},"end":{"line":51,"column":9}},"13":{"start":{"line":46,"column":12},"end":{"line":46,"column":59}},"14":{"start":{"line":48,"column":12},"end":{"line":48,"column":35}},"15":{"start":{"line":49,"column":12},"end":{"line":49,"column":49}},"16":{"start":{"line":50,"column":12},"end":{"line":50,"column":43}}},"branchMap":{"1":{"line":25,"type":"binary-expr","locations":[{"start":{"line":25,"column":23},"end":{"line":25,"column":62}},{"start":{"line":26,"column":20},"end":{"line":26,"column":70}},{"start":{"line":27,"column":20},"end":{"line":27,"column":71}},{"start":{"line":28,"column":20},"end":{"line":28,"column":29}}]},"2":{"line":30,"type":"binary-expr","locations":[{"start":{"line":30,"column":23},"end":{"line":30,"column":37}},{"start":{"line":31,"column":20},"end":{"line":31,"column":61}},{"start":{"line":32,"column":20},"end":{"line":32,"column":70}},{"start":{"line":33,"column":20},"end":{"line":33,"column":26}}]},"3":{"line":37,"type":"cond-expr","locations":[{"start":{"line":38,"column":14},"end":{"line":38,"column":20}},{"start":{"line":39,"column":14},"end":{"line":39,"column":20}}]},"4":{"line":41,"type":"binary-expr","locations":[{"start":{"line":41,"column":16},"end":{"line":41,"column":44}},{"start":{"line":41,"column":48},"end":{"line":41,"column":53}}]},"5":{"line":45,"type":"if","locations":[{"start":{"line":45,"column":8},"end":{"line":45,"column":8}},{"start":{"line":45,"column":8},"end":{"line":45,"column":8}}]}},"code":["/* istanbul instrument in package npmtest_raspi_io */","/*jslint","    bitwise: true,","    browser: true,","    maxerr: 8,","    maxlen: 96,","    node: true,","    nomen: true,","    regexp: true,","    stupid: true","*/","(function () {","    'use strict';","    var local;","","","","    // run shared js-env code - init-before","    (function () {","        // init local","        local = {};","        // init modeJs","        local.modeJs = (function () {","            try {","                return typeof navigator.userAgent === 'string' &&","                    typeof document.querySelector('body') === 'object' &&","                    typeof XMLHttpRequest.prototype.open === 'function' &&","                    'browser';","            } catch (errorCaughtBrowser) {","                return module.exports &&","                    typeof process.versions.node === 'string' &&","                    typeof require('http').createServer === 'function' &&","                    'node';","            }","        }());","        // init global","        local.global = local.modeJs === 'browser'","            ? window","            : global;","        // init utility2_rollup","        local = local.global.utility2_rollup || local;","        // init lib","        local.local = local.npmtest_raspi_io = local;","        // init exports","        if (local.modeJs === 'browser') {","            local.global.utility2_npmtest_raspi_io = local;","        } else {","            module.exports = local;","            module.exports.__dirname = __dirname;","            module.exports.module = module;","        }","    }());","}());",""],"l":{"12":2,"14":2,"19":2,"21":2,"23":2,"24":2,"25":2,"30":1,"37":2,"41":2,"43":2,"45":2,"46":1,"48":1,"49":1,"50":1}},"/home/travis/build/npmtest/node-npmtest-raspi-io/example.js":{"path":"/home/travis/build/npmtest/node-npmtest-raspi-io/example.js","s":{"1":2,"2":2,"3":2,"4":2,"5":2,"6":2,"7":2,"8":1,"9":2,"10":2,"11":2,"12":2,"13":1,"14":2,"15":2,"16":2,"17":2,"18":2,"19":0,"20":2,"21":1,"22":1,"23":1,"24":1,"25":1,"26":0,"27":0,"28":1,"29":1,"30":2,"31":0,"32":0,"33":0,"34":1,"35":2,"36":2,"37":3,"38":3,"39":3,"40":3,"41":0,"42":3,"43":3,"44":3,"45":1,"46":3,"47":1,"48":1,"49":1,"50":1,"51":1,"52":1,"53":1,"54":1,"55":1,"56":1,"57":0,"58":1,"59":6,"60":6,"61":1,"62":2,"63":0,"64":2,"65":1,"66":1,"67":0,"68":0,"69":0,"70":0,"71":0,"72":0,"73":0,"74":0,"75":0,"76":0,"77":0,"78":0,"79":0,"80":0,"81":0,"82":0,"83":0},"b":{"1":[2,1,1,1],"2":[1,1,1,1],"3":[1,1],"4":[2,2],"5":[1,1],"6":[1,1],"7":[2,0],"8":[2,1,1,1,1,1],"9":[0,2,0],"10":[1,1],"11":[2,1,1],"12":[1,0],"13":[0,2],"14":[2,0,0,0,0,0,0],"15":[0,3],"16":[3,0],"17":[1,1],"18":[0,1],"19":[1,2,0,2],"20":[1,0],"21":[1,1],"22":[0,0],"23":[0,0],"24":[0,0],"25":[0,0],"26":[0,0],"27":[0,0],"28":[0,0]},"f":{"1":2,"2":2,"3":2,"4":2,"5":2,"6":2,"7":3,"8":3,"9":3,"10":1,"11":6,"12":0},"fnMap":{"1":{"name":"(anonymous_1)","line":26,"loc":{"start":{"line":26,"column":1},"end":{"line":26,"column":13}}},"2":{"name":"(anonymous_2)","line":33,"loc":{"start":{"line":33,"column":5},"end":{"line":33,"column":17}}},"3":{"name":"(anonymous_3)","line":37,"loc":{"start":{"line":37,"column":24},"end":{"line":37,"column":36}}},"4":{"name":"(anonymous_4)","line":69,"loc":{"start":{"line":69,"column":31},"end":{"line":69,"column":48}},"skip":true},"5":{"name":"(anonymous_5)","line":78,"loc":{"start":{"line":78,"column":26},"end":{"line":78,"column":45}},"skip":true},"6":{"name":"(anonymous_6)","line":123,"loc":{"start":{"line":123,"column":33},"end":{"line":123,"column":48}},"skip":true},"7":{"name":"(anonymous_7)","line":125,"loc":{"start":{"line":125,"column":27},"end":{"line":125,"column":39}},"skip":true},"8":{"name":"(anonymous_8)","line":133,"loc":{"start":{"line":133,"column":59},"end":{"line":133,"column":74}},"skip":true},"9":{"name":"(anonymous_9)","line":143,"loc":{"start":{"line":143,"column":45},"end":{"line":143,"column":62}},"skip":true},"10":{"name":"(anonymous_10)","line":144,"loc":{"start":{"line":144,"column":73},"end":{"line":144,"column":92}},"skip":true},"11":{"name":"(anonymous_11)","line":272,"loc":{"start":{"line":272,"column":51},"end":{"line":272,"column":77}},"skip":true},"12":{"name":"(anonymous_12)","line":315,"loc":{"start":{"line":315,"column":32},"end":{"line":315,"column":61}},"skip":true}},"statementMap":{"1":{"start":{"line":26,"column":0},"end":{"line":326,"column":5}},"2":{"start":{"line":28,"column":4},"end":{"line":28,"column":14}},"3":{"start":{"line":33,"column":4},"end":{"line":60,"column":9}},"4":{"start":{"line":35,"column":8},"end":{"line":35,"column":19}},"5":{"start":{"line":37,"column":8},"end":{"line":49,"column":13}},"6":{"start":{"line":38,"column":12},"end":{"line":48,"column":13}},"7":{"start":{"line":39,"column":16},"end":{"line":42,"column":30}},"8":{"start":{"line":44,"column":16},"end":{"line":47,"column":27}},"9":{"start":{"line":51,"column":8},"end":{"line":53,"column":21}},"10":{"start":{"line":55,"column":8},"end":{"line":57,"column":45}},"11":{"start":{"line":59,"column":8},"end":{"line":59,"column":35}},"12":{"start":{"line":61,"column":4},"end":{"line":325,"column":5}},"13":{"start":{"line":69,"column":8},"end":{"line":121,"column":10},"skip":true},"14":{"start":{"line":70,"column":12},"end":{"line":88,"column":13},"skip":true},"15":{"start":{"line":76,"column":16},"end":{"line":87,"column":19},"skip":true},"16":{"start":{"line":79,"column":20},"end":{"line":86,"column":21},"skip":true},"17":{"start":{"line":82,"column":24},"end":{"line":82,"column":43},"skip":true},"18":{"start":{"line":83,"column":24},"end":{"line":83,"column":30},"skip":true},"19":{"start":{"line":85,"column":24},"end":{"line":85,"column":49},"skip":true},"20":{"start":{"line":89,"column":12},"end":{"line":107,"column":13},"skip":true},"21":{"start":{"line":92,"column":16},"end":{"line":102,"column":17},"skip":true},"22":{"start":{"line":93,"column":20},"end":{"line":93,"column":86},"skip":true},"23":{"start":{"line":94,"column":20},"end":{"line":95,"column":45},"skip":true},"24":{"start":{"line":96,"column":20},"end":{"line":96,"column":42},"skip":true},"25":{"start":{"line":97,"column":20},"end":{"line":97,"column":48},"skip":true},"26":{"start":{"line":100,"column":20},"end":{"line":100,"column":85},"skip":true},"27":{"start":{"line":101,"column":20},"end":{"line":101,"column":96},"skip":true},"28":{"start":{"line":103,"column":16},"end":{"line":103,"column":22},"skip":true},"29":{"start":{"line":106,"column":16},"end":{"line":106,"column":22},"skip":true},"30":{"start":{"line":108,"column":12},"end":{"line":120,"column":13},"skip":true},"31":{"start":{"line":114,"column":16},"end":{"line":119,"column":17},"skip":true},"32":{"start":{"line":116,"column":20},"end":{"line":116,"column":78},"skip":true},"33":{"start":{"line":118,"column":20},"end":{"line":118,"column":47},"skip":true},"34":{"start":{"line":123,"column":8},"end":{"line":141,"column":11},"skip":true},"35":{"start":{"line":124,"column":12},"end":{"line":124,"column":54},"skip":true},"36":{"start":{"line":125,"column":12},"end":{"line":140,"column":14},"skip":true},"37":{"start":{"line":126,"column":16},"end":{"line":126,"column":28},"skip":true},"38":{"start":{"line":127,"column":16},"end":{"line":127,"column":69},"skip":true},"39":{"start":{"line":128,"column":16},"end":{"line":128,"column":75},"skip":true},"40":{"start":{"line":129,"column":16},"end":{"line":131,"column":17},"skip":true},"41":{"start":{"line":130,"column":20},"end":{"line":130,"column":27},"skip":true},"42":{"start":{"line":133,"column":16},"end":{"line":137,"column":36},"skip":true},"43":{"start":{"line":134,"column":20},"end":{"line":136,"column":55},"skip":true},"44":{"start":{"line":139,"column":16},"end":{"line":139,"column":57},"skip":true},"45":{"start":{"line":143,"column":8},"end":{"line":147,"column":11},"skip":true},"46":{"start":{"line":144,"column":12},"end":{"line":146,"column":15},"skip":true},"47":{"start":{"line":145,"column":16},"end":{"line":145,"column":70},"skip":true},"48":{"start":{"line":149,"column":8},"end":{"line":149,"column":31},"skip":true},"49":{"start":{"line":150,"column":8},"end":{"line":150,"column":14},"skip":true},"50":{"start":{"line":158,"column":8},"end":{"line":158,"column":31},"skip":true},"51":{"start":{"line":160,"column":8},"end":{"line":160,"column":33},"skip":true},"52":{"start":{"line":161,"column":8},"end":{"line":161,"column":37},"skip":true},"53":{"start":{"line":162,"column":8},"end":{"line":162,"column":35},"skip":true},"54":{"start":{"line":164,"column":8},"end":{"line":164,"column":50},"skip":true},"55":{"start":{"line":166,"column":8},"end":{"line":256,"column":2},"skip":true},"56":{"start":{"line":258,"column":8},"end":{"line":286,"column":9},"skip":true},"57":{"start":{"line":259,"column":12},"end":{"line":269,"column":14},"skip":true},"58":{"start":{"line":271,"column":12},"end":{"line":285,"column":19},"skip":true},"59":{"start":{"line":274,"column":20},"end":{"line":274,"column":35},"skip":true},"60":{"start":{"line":275,"column":20},"end":{"line":284,"column":21},"skip":true},"61":{"start":{"line":277,"column":24},"end":{"line":277,"column":64},"skip":true},"62":{"start":{"line":279,"column":24},"end":{"line":279,"column":40},"skip":true},"63":{"start":{"line":281,"column":24},"end":{"line":281,"column":40},"skip":true},"64":{"start":{"line":283,"column":24},"end":{"line":283,"column":39},"skip":true},"65":{"start":{"line":288,"column":8},"end":{"line":290,"column":9},"skip":true},"66":{"start":{"line":289,"column":12},"end":{"line":289,"column":18},"skip":true},"67":{"start":{"line":291,"column":8},"end":{"line":293,"column":54},"skip":true},"68":{"start":{"line":296,"column":8},"end":{"line":301,"column":37},"skip":true},"69":{"start":{"line":303,"column":8},"end":{"line":303,"column":82},"skip":true},"70":{"start":{"line":306,"column":8},"end":{"line":308,"column":9},"skip":true},"71":{"start":{"line":307,"column":12},"end":{"line":307,"column":82},"skip":true},"72":{"start":{"line":310,"column":8},"end":{"line":312,"column":9},"skip":true},"73":{"start":{"line":311,"column":12},"end":{"line":311,"column":18},"skip":true},"74":{"start":{"line":313,"column":8},"end":{"line":313,"column":54},"skip":true},"75":{"start":{"line":314,"column":8},"end":{"line":314,"column":69},"skip":true},"76":{"start":{"line":315,"column":8},"end":{"line":323,"column":36},"skip":true},"77":{"start":{"line":316,"column":12},"end":{"line":316,"column":61},"skip":true},"78":{"start":{"line":317,"column":12},"end":{"line":320,"column":13},"skip":true},"79":{"start":{"line":318,"column":16},"end":{"line":318,"column":75},"skip":true},"80":{"start":{"line":319,"column":16},"end":{"line":319,"column":23},"skip":true},"81":{"start":{"line":321,"column":12},"end":{"line":321,"column":38},"skip":true},"82":{"start":{"line":322,"column":12},"end":{"line":322,"column":27},"skip":true},"83":{"start":{"line":324,"column":8},"end":{"line":324,"column":14},"skip":true}},"branchMap":{"1":{"line":39,"type":"binary-expr","locations":[{"start":{"line":39,"column":23},"end":{"line":39,"column":62}},{"start":{"line":40,"column":20},"end":{"line":40,"column":70}},{"start":{"line":41,"column":20},"end":{"line":41,"column":71}},{"start":{"line":42,"column":20},"end":{"line":42,"column":29}}]},"2":{"line":44,"type":"binary-expr","locations":[{"start":{"line":44,"column":23},"end":{"line":44,"column":37}},{"start":{"line":45,"column":20},"end":{"line":45,"column":61}},{"start":{"line":46,"column":20},"end":{"line":46,"column":70}},{"start":{"line":47,"column":20},"end":{"line":47,"column":26}}]},"3":{"line":51,"type":"cond-expr","locations":[{"start":{"line":52,"column":14},"end":{"line":52,"column":20}},{"start":{"line":53,"column":14},"end":{"line":53,"column":20}}]},"4":{"line":55,"type":"binary-expr","locations":[{"start":{"line":55,"column":16},"end":{"line":55,"column":44}},{"start":{"line":55,"column":49},"end":{"line":57,"column":43}}]},"5":{"line":55,"type":"cond-expr","locations":[{"start":{"line":56,"column":14},"end":{"line":56,"column":52}},{"start":{"line":57,"column":14},"end":{"line":57,"column":43}}]},"6":{"line":61,"type":"switch","locations":[{"start":{"line":68,"column":4},"end":{"line":150,"column":14},"skip":true},{"start":{"line":156,"column":4},"end":{"line":324,"column":14},"skip":true}]},"7":{"line":70,"type":"if","locations":[{"start":{"line":70,"column":12},"end":{"line":70,"column":12},"skip":true},{"start":{"line":70,"column":12},"end":{"line":70,"column":12},"skip":true}]},"8":{"line":70,"type":"binary-expr","locations":[{"start":{"line":70,"column":16},"end":{"line":70,"column":22},"skip":true},{"start":{"line":70,"column":27},"end":{"line":70,"column":32},"skip":true},{"start":{"line":71,"column":20},"end":{"line":71,"column":39},"skip":true},{"start":{"line":72,"column":20},"end":{"line":72,"column":49},"skip":true},{"start":{"line":73,"column":20},"end":{"line":73,"column":58},"skip":true},{"start":{"line":74,"column":20},"end":{"line":74,"column":69},"skip":true}]},"9":{"line":79,"type":"switch","locations":[{"start":{"line":80,"column":20},"end":{"line":80,"column":33},"skip":true},{"start":{"line":81,"column":20},"end":{"line":83,"column":30},"skip":true},{"start":{"line":84,"column":20},"end":{"line":85,"column":49},"skip":true}]},"10":{"line":89,"type":"switch","locations":[{"start":{"line":90,"column":12},"end":{"line":103,"column":22},"skip":true},{"start":{"line":105,"column":12},"end":{"line":106,"column":22},"skip":true}]},"11":{"line":89,"type":"binary-expr","locations":[{"start":{"line":89,"column":20},"end":{"line":89,"column":25},"skip":true},{"start":{"line":89,"column":29},"end":{"line":89,"column":48},"skip":true},{"start":{"line":89,"column":52},"end":{"line":89,"column":74},"skip":true}]},"12":{"line":92,"type":"if","locations":[{"start":{"line":92,"column":16},"end":{"line":92,"column":16},"skip":true},{"start":{"line":92,"column":16},"end":{"line":92,"column":16},"skip":true}]},"13":{"line":108,"type":"if","locations":[{"start":{"line":108,"column":12},"end":{"line":108,"column":12},"skip":true},{"start":{"line":108,"column":12},"end":{"line":108,"column":12},"skip":true}]},"14":{"line":108,"type":"binary-expr","locations":[{"start":{"line":108,"column":16},"end":{"line":108,"column":61},"skip":true},{"start":{"line":108,"column":66},"end":{"line":108,"column":72},"skip":true},{"start":{"line":108,"column":77},"end":{"line":108,"column":82},"skip":true},{"start":{"line":109,"column":20},"end":{"line":109,"column":39},"skip":true},{"start":{"line":110,"column":20},"end":{"line":110,"column":49},"skip":true},{"start":{"line":111,"column":20},"end":{"line":111,"column":58},"skip":true},{"start":{"line":112,"column":20},"end":{"line":112,"column":68},"skip":true}]},"15":{"line":129,"type":"if","locations":[{"start":{"line":129,"column":16},"end":{"line":129,"column":16},"skip":true},{"start":{"line":129,"column":16},"end":{"line":129,"column":16},"skip":true}]},"16":{"line":134,"type":"cond-expr","locations":[{"start":{"line":135,"column":26},"end":{"line":135,"column":29},"skip":true},{"start":{"line":136,"column":26},"end":{"line":136,"column":54},"skip":true}]},"17":{"line":164,"type":"binary-expr","locations":[{"start":{"line":164,"column":27},"end":{"line":164,"column":43},"skip":true},{"start":{"line":164,"column":47},"end":{"line":164,"column":49},"skip":true}]},"18":{"line":258,"type":"if","locations":[{"start":{"line":258,"column":8},"end":{"line":258,"column":8},"skip":true},{"start":{"line":258,"column":8},"end":{"line":258,"column":8},"skip":true}]},"19":{"line":275,"type":"switch","locations":[{"start":{"line":276,"column":20},"end":{"line":277,"column":64},"skip":true},{"start":{"line":278,"column":20},"end":{"line":279,"column":40},"skip":true},{"start":{"line":280,"column":20},"end":{"line":281,"column":40},"skip":true},{"start":{"line":282,"column":20},"end":{"line":283,"column":39},"skip":true}]},"20":{"line":288,"type":"if","locations":[{"start":{"line":288,"column":8},"end":{"line":288,"column":8},"skip":true},{"start":{"line":288,"column":8},"end":{"line":288,"column":8},"skip":true}]},"21":{"line":288,"type":"binary-expr","locations":[{"start":{"line":288,"column":12},"end":{"line":288,"column":40},"skip":true},{"start":{"line":288,"column":44},"end":{"line":288,"column":67},"skip":true}]},"22":{"line":292,"type":"binary-expr","locations":[{"start":{"line":292,"column":12},"end":{"line":292,"column":50},"skip":true},{"start":{"line":293,"column":12},"end":{"line":293,"column":53},"skip":true}]},"23":{"line":297,"type":"binary-expr","locations":[{"start":{"line":297,"column":12},"end":{"line":297,"column":66},"skip":true},{"start":{"line":298,"column":12},"end":{"line":301,"column":36},"skip":true}]},"24":{"line":303,"type":"binary-expr","locations":[{"start":{"line":303,"column":43},"end":{"line":303,"column":75},"skip":true},{"start":{"line":303,"column":79},"end":{"line":303,"column":81},"skip":true}]},"25":{"line":306,"type":"if","locations":[{"start":{"line":306,"column":8},"end":{"line":306,"column":8},"skip":true},{"start":{"line":306,"column":8},"end":{"line":306,"column":8},"skip":true}]},"26":{"line":310,"type":"if","locations":[{"start":{"line":310,"column":8},"end":{"line":310,"column":8},"skip":true},{"start":{"line":310,"column":8},"end":{"line":310,"column":8},"skip":true}]},"27":{"line":313,"type":"binary-expr","locations":[{"start":{"line":313,"column":27},"end":{"line":313,"column":43},"skip":true},{"start":{"line":313,"column":47},"end":{"line":313,"column":53},"skip":true}]},"28":{"line":317,"type":"if","locations":[{"start":{"line":317,"column":12},"end":{"line":317,"column":12},"skip":true},{"start":{"line":317,"column":12},"end":{"line":317,"column":12},"skip":true}]}},"code":["/*","example.js","","quickstart example","","instruction","    1. save this script as example.js","    2. run the shell command:","        $ npm install npmtest-raspi-io && PORT=8081 node example.js","    3. play with the browser-demo on http://127.0.0.1:8081","*/","","","","/* istanbul instrument in package npmtest_raspi_io */","/*jslint","    bitwise: true,","    browser: true,","    maxerr: 8,","    maxlen: 96,","    node: true,","    nomen: true,","    regexp: true,","    stupid: true","*/","(function () {","    'use strict';","    var local;","","","","    // run shared js-env code - init-before","    (function () {","        // init local","        local = {};","        // init modeJs","        local.modeJs = (function () {","            try {","                return typeof navigator.userAgent === 'string' &&","                    typeof document.querySelector('body') === 'object' &&","                    typeof XMLHttpRequest.prototype.open === 'function' &&","                    'browser';","            } catch (errorCaughtBrowser) {","                return module.exports &&","                    typeof process.versions.node === 'string' &&","                    typeof require('http').createServer === 'function' &&","                    'node';","            }","        }());","        // init global","        local.global = local.modeJs === 'browser'","            ? window","            : global;","        // init utility2_rollup","        local = local.global.utility2_rollup || (local.modeJs === 'browser'","            ? local.global.utility2_npmtest_raspi_io","            : global.utility2_moduleExports);","        // export local","        local.global.local = local;","    }());","    switch (local.modeJs) {","","","","    // init-after","    // run browser js-env code - init-after","    /* istanbul ignore next */","    case 'browser':","        local.testRunBrowser = function (event) {","            if (!event || (event &&","                    event.currentTarget &&","                    event.currentTarget.className &&","                    event.currentTarget.className.includes &&","                    event.currentTarget.className.includes('onreset'))) {","                // reset output","                Array.from(","                    document.querySelectorAll('body > .resettable')","                ).forEach(function (element) {","                    switch (element.tagName) {","                    case 'INPUT':","                    case 'TEXTAREA':","                        element.value = '';","                        break;","                    default:","                        element.textContent = '';","                    }","                });","            }","            switch (event && event.currentTarget && event.currentTarget.id) {","            case 'testRunButton1':","                // show tests","                if (document.querySelector('#testReportDiv1').style.display === 'none') {","                    document.querySelector('#testReportDiv1').style.display = 'block';","                    document.querySelector('#testRunButton1').textContent =","                        'hide internal test';","                    local.modeTest = true;","                    local.testRunDefault(local);","                // hide tests","                } else {","                    document.querySelector('#testReportDiv1').style.display = 'none';","                    document.querySelector('#testRunButton1').textContent = 'run internal test';","                }","                break;","            // custom-case","            default:","                break;","            }","            if (document.querySelector('#inputTextareaEval1') && (!event || (event &&","                    event.currentTarget &&","                    event.currentTarget.className &&","                    event.currentTarget.className.includes &&","                    event.currentTarget.className.includes('oneval')))) {","                // try to eval input-code","                try {","                    /*jslint evil: true*/","                    eval(document.querySelector('#inputTextareaEval1').value);","                } catch (errorCaught) {","                    console.error(errorCaught);","                }","            }","        };","        // log stderr and stdout to #outputTextareaStdout1","        ['error', 'log'].forEach(function (key) {","            console[key + '_original'] = console[key];","            console[key] = function () {","                var element;","                console[key + '_original'].apply(console, arguments);","                element = document.querySelector('#outputTextareaStdout1');","                if (!element) {","                    return;","                }","                // append text to #outputTextareaStdout1","                element.value += Array.from(arguments).map(function (arg) {","                    return typeof arg === 'string'","                        ? arg","                        : JSON.stringify(arg, null, 4);","                }).join(' ') + '\\n';","                // scroll textarea to bottom","                element.scrollTop = element.scrollHeight;","            };","        });","        // init event-handling","        ['change', 'click', 'keyup'].forEach(function (event) {","            Array.from(document.querySelectorAll('.on' + event)).forEach(function (element) {","                element.addEventListener(event, local.testRunBrowser);","            });","        });","        // run tests","        local.testRunBrowser();","        break;","","","","    // run node js-env code - init-after","    /* istanbul ignore next */","    case 'node':","        // export local","        module.exports = local;","        // require modules","        local.fs = require('fs');","        local.http = require('http');","        local.url = require('url');","        // init assets","        local.assetsDict = local.assetsDict || {};","        /* jslint-ignore-begin */","        local.assetsDict['/assets.index.template.html'] = '\\","<!doctype html>\\n\\","<html lang=\"en\">\\n\\","<head>\\n\\","<meta charset=\"UTF-8\">\\n\\","<meta name=\"viewport\" content=\"width=device-width, initial-scale=1\">\\n\\","<title>{{env.npm_package_name}} (v{{env.npm_package_version}})</title>\\n\\","<style>\\n\\","/*csslint\\n\\","    box-sizing: false,\\n\\","    universal-selector: false\\n\\","*/\\n\\","* {\\n\\","    box-sizing: border-box;\\n\\","}\\n\\","body {\\n\\","    background: #dde;\\n\\","    font-family: Arial, Helvetica, sans-serif;\\n\\","    margin: 2rem;\\n\\","}\\n\\","body > * {\\n\\","    margin-bottom: 1rem;\\n\\","}\\n\\",".utility2FooterDiv {\\n\\","    margin-top: 20px;\\n\\","    text-align: center;\\n\\","}\\n\\","</style>\\n\\","<style>\\n\\","/*csslint\\n\\","*/\\n\\","textarea {\\n\\","    font-family: monospace;\\n\\","    height: 10rem;\\n\\","    width: 100%;\\n\\","}\\n\\","textarea[readonly] {\\n\\","    background: #ddd;\\n\\","}\\n\\","</style>\\n\\","</head>\\n\\","<body>\\n\\","<!-- utility2-comment\\n\\","<div id=\"ajaxProgressDiv1\" style=\"background: #d00; height: 2px; left: 0; margin: 0; padding: 0; position: fixed; top: 0; transition: background 0.5s, width 1.5s; width: 25%;\"></div>\\n\\","utility2-comment -->\\n\\","<h1>\\n\\","<!-- utility2-comment\\n\\","    <a\\n\\","        {{#if env.npm_package_homepage}}\\n\\","        href=\"{{env.npm_package_homepage}}\"\\n\\","        {{/if env.npm_package_homepage}}\\n\\","        target=\"_blank\"\\n\\","    >\\n\\","utility2-comment -->\\n\\","        {{env.npm_package_name}} (v{{env.npm_package_version}})\\n\\","<!-- utility2-comment\\n\\","    </a>\\n\\","utility2-comment -->\\n\\","</h1>\\n\\","<h3>{{env.npm_package_description}}</h3>\\n\\","<!-- utility2-comment\\n\\","<h4><a download href=\"assets.app.js\">download standalone app</a></h4>\\n\\","<button class=\"onclick onreset\" id=\"testRunButton1\">run internal test</button><br>\\n\\","<div id=\"testReportDiv1\" style=\"display: none;\"></div>\\n\\","utility2-comment -->\\n\\","\\n\\","\\n\\","\\n\\","<label>stderr and stdout</label>\\n\\","<textarea class=\"resettable\" id=\"outputTextareaStdout1\" readonly></textarea>\\n\\","<!-- utility2-comment\\n\\","{{#if isRollup}}\\n\\","<script src=\"assets.app.js\"></script>\\n\\","{{#unless isRollup}}\\n\\","utility2-comment -->\\n\\","<script src=\"assets.utility2.rollup.js\"></script>\\n\\","<script src=\"jsonp.utility2._stateInit?callback=window.utility2._stateInit\"></script>\\n\\","<script src=\"assets.npmtest_raspi_io.rollup.js\"></script>\\n\\","<script src=\"assets.example.js\"></script>\\n\\","<script src=\"assets.test.js\"></script>\\n\\","<!-- utility2-comment\\n\\","{{/if isRollup}}\\n\\","utility2-comment -->\\n\\","<div class=\"utility2FooterDiv\">\\n\\","    [ this app was created with\\n\\","    <a href=\"https://github.com/kaizhu256/node-utility2\" target=\"_blank\">utility2</a>\\n\\","    ]\\n\\","</div>\\n\\","</body>\\n\\","</html>\\n\\","';","        /* jslint-ignore-end */","        if (local.templateRender) {","            local.assetsDict['/'] = local.templateRender(","                local.assetsDict['/assets.index.template.html'],","                {","                    env: local.objectSetDefault(local.env, {","                        npm_package_description: 'the greatest app in the world!',","                        npm_package_name: 'my-app',","                        npm_package_nameAlias: 'my_app',","                        npm_package_version: '0.0.1'","                    })","                }","            );","        } else {","            local.assetsDict['/'] = local.assetsDict['/assets.index.template.html']","                .replace((/\\{\\{env\\.(\\w+?)\\}\\}/g), function (match0, match1) {","                    // jslint-hack","                    String(match0);","                    switch (match1) {","                    case 'npm_package_description':","                        return 'the greatest app in the world!';","                    case 'npm_package_name':","                        return 'my-app';","                    case 'npm_package_nameAlias':","                        return 'my_app';","                    case 'npm_package_version':","                        return '0.0.1';","                    }","                });","        }","        // run the cli","        if (local.global.utility2_rollup || module !== require.main) {","            break;","        }","        local.assetsDict['/assets.example.js'] =","            local.assetsDict['/assets.example.js'] ||","            local.fs.readFileSync(__filename, 'utf8');","        // bug-workaround - long $npm_package_buildCustomOrg","        /* jslint-ignore-begin */","        local.assetsDict['/assets.npmtest_raspi_io.rollup.js'] =","            local.assetsDict['/assets.npmtest_raspi_io.rollup.js'] ||","            local.fs.readFileSync(","                local.npmtest_raspi_io.__dirname + '/lib.npmtest_raspi_io.js',","                'utf8'","            ).replace((/^#!/), '//');","        /* jslint-ignore-end */","        local.assetsDict['/favicon.ico'] = local.assetsDict['/favicon.ico'] || '';","        // if $npm_config_timeout_exit exists,","        // then exit this process after $npm_config_timeout_exit ms","        if (Number(process.env.npm_config_timeout_exit)) {","            setTimeout(process.exit, Number(process.env.npm_config_timeout_exit));","        }","        // start server","        if (local.global.utility2_serverHttp1) {","            break;","        }","        process.env.PORT = process.env.PORT || '8081';","        console.error('server starting on port ' + process.env.PORT);","        local.http.createServer(function (request, response) {","            request.urlParsed = local.url.parse(request.url);","            if (local.assetsDict[request.urlParsed.pathname] !== undefined) {","                response.end(local.assetsDict[request.urlParsed.pathname]);","                return;","            }","            response.statusCode = 404;","            response.end();","        }).listen(process.env.PORT);","        break;","    }","}());",""],"l":{"26":2,"28":2,"33":2,"35":2,"37":2,"38":2,"39":2,"44":1,"51":2,"55":2,"59":2,"61":2,"69":1,"70":2,"76":2,"79":2,"82":2,"83":2,"85":1,"89":2,"92":1,"93":1,"94":1,"96":1,"97":1,"100":1,"101":1,"103":1,"106":1,"108":2,"114":1,"116":1,"118":1,"123":1,"124":2,"125":2,"126":3,"127":3,"128":3,"129":3,"130":1,"133":3,"134":3,"139":3,"143":1,"144":3,"145":1,"149":1,"150":1,"158":1,"160":1,"161":1,"162":1,"164":1,"166":1,"258":1,"259":1,"271":1,"274":6,"275":6,"277":1,"279":2,"281":1,"283":2,"288":1,"289":1,"291":1,"296":1,"303":1,"306":1,"307":1,"310":1,"311":1,"313":1,"314":1,"315":1,"316":1,"317":1,"318":1,"319":1,"321":1,"322":1,"324":1}},"/home/travis/build/npmtest/node-npmtest-raspi-io/node_modules/raspi-io/dist/index.js":{"path":"/home/travis/build/npmtest/node-npmtest-raspi-io/node_modules/raspi-io/dist/index.js","s":{"1":1,"2":1,"3":0,"4":0,"5":0,"6":0,"7":0,"8":0,"9":0,"10":0,"11":0,"12":0},"b":{"1":[0,0],"2":[0,0],"3":[0,0],"4":[0,0],"5":[0,0],"6":[0,0]},"f":{"1":0},"fnMap":{"1":{"name":"RaspiIO","line":5,"loc":{"start":{"line":5,"column":17},"end":{"line":5,"column":36}}}},"statementMap":{"1":{"start":{"line":3,"column":0},"end":{"line":3,"column":44}},"2":{"start":{"line":5,"column":0},"end":{"line":42,"column":2}},"3":{"start":{"line":6,"column":2},"end":{"line":11,"column":39}},"4":{"start":{"line":13,"column":2},"end":{"line":13,"column":37}},"5":{"start":{"line":15,"column":2},"end":{"line":22,"column":4}},"6":{"start":{"line":24,"column":2},"end":{"line":26,"column":3}},"7":{"start":{"line":25,"column":4},"end":{"line":25,"column":72}},"8":{"start":{"line":27,"column":2},"end":{"line":29,"column":3}},"9":{"start":{"line":28,"column":4},"end":{"line":28,"column":55}},"10":{"start":{"line":31,"column":2},"end":{"line":33,"column":3}},"11":{"start":{"line":32,"column":4},"end":{"line":32,"column":59}},"12":{"start":{"line":35,"column":2},"end":{"line":41,"column":5}}},"branchMap":{"1":{"line":6,"type":"cond-expr","locations":[{"start":{"line":6,"column":66},"end":{"line":6,"column":78}},{"start":{"line":6,"column":81},"end":{"line":6,"column":83}}]},"2":{"line":6,"type":"binary-expr","locations":[{"start":{"line":6,"column":13},"end":{"line":6,"column":33}},{"start":{"line":6,"column":37},"end":{"line":6,"column":63}}]},"3":{"line":10,"type":"cond-expr","locations":[{"start":{"line":10,"column":57},"end":{"line":10,"column":62}},{"start":{"line":10,"column":65},"end":{"line":10,"column":83}}]},"4":{"line":24,"type":"if","locations":[{"start":{"line":24,"column":2},"end":{"line":24,"column":2}},{"start":{"line":24,"column":2},"end":{"line":24,"column":2}}]},"5":{"line":27,"type":"if","locations":[{"start":{"line":27,"column":2},"end":{"line":27,"column":2}},{"start":{"line":27,"column":2},"end":{"line":27,"column":2}}]},"6":{"line":31,"type":"if","locations":[{"start":{"line":31,"column":2},"end":{"line":31,"column":2}},{"start":{"line":31,"column":2},"end":{"line":31,"column":2}}]}},"code":["'use strict';","","var _raspiIoCore = require('raspi-io-core');","","module.exports = function RaspiIO() {","  var _ref = arguments.length > 0 && arguments[0] !== undefined ? arguments[0] : {},","      includePins = _ref.includePins,","      excludePins = _ref.excludePins,","      _ref$enableSoftPwm = _ref.enableSoftPwm,","      enableSoftPwm = _ref$enableSoftPwm === undefined ? false : _ref$enableSoftPwm,","      enableSerial = _ref.enableSerial;","","  var board = require('raspi-board');","","  var platform = {","    'raspi': require('raspi'),","    'raspi-board': board,","    'raspi-gpio': require('raspi-gpio'),","    'raspi-i2c': require('raspi-i2c'),","    'raspi-led': require('raspi-led'),","    'raspi-pwm': require('raspi-pwm')","  };","","  if (typeof enableSerial === 'undefined') {","    enableSerial = board.getBoardRevision() !== board.VERSION_3_MODEL_B;","  }","  if (enableSerial) {","    platform['raspi-serial'] = require('raspi-serial');","  }","","  if (enableSoftPwm) {","    platform['raspi-soft-pwm'] = require('raspi-soft-pwm');","  }","","  return new _raspiIoCore.RaspiIOCore({","    includePins: includePins,","    excludePins: excludePins,","    enableSerial: enableSerial,","    enableSoftPwm: enableSoftPwm,","    platform: platform","  });","}; /*","   Copyright (c) 2016 Bryan Hughes <bryan@nebri.us>","   ","   Permission is hereby granted, free of charge, to any person","   obtaining a copy of this software and associated documentation","   files (the 'Software'), to deal in the Software without","   restriction, including without limitation the rights to use,","   copy, modify, merge, publish, distribute, sublicense, and/or sell","   copies of the Software, and to permit persons to whom the","   Software is furnished to do so, subject to the following","   conditions:","   ","   The above copyright notice and this permission notice shall be","   included in all copies or substantial portions of the Software.","   ","   THE SOFTWARE IS PROVIDED 'AS IS', WITHOUT WARRANTY OF ANY KIND,","   EXPRESS OR IMPLIED, INCLUDING BUT NOT LIMITED TO THE WARRANTIES","   OF MERCHANTABILITY, FITNESS FOR A PARTICULAR PURPOSE AND","   NONINFRINGEMENT. IN NO EVENT SHALL THE AUTHORS OR COPYRIGHT","   HOLDERS BE LIABLE FOR ANY CLAIM, DAMAGES OR OTHER LIABILITY,","   WHETHER IN AN ACTION OF CONTRACT, TORT OR OTHERWISE, ARISING","   FROM, OUT OF OR IN CONNECTION WITH THE SOFTWARE OR THE USE OR","   OTHER DEALINGS IN THE SOFTWARE.","   */","","//# sourceMappingURL=index.js.map"],"l":{"3":1,"5":1,"6":0,"13":0,"15":0,"24":0,"25":0,"27":0,"28":0,"31":0,"32":0,"35":0}},"/home/travis/build/npmtest/node-npmtest-raspi-io/node_modules/raspi-io-core/dist/index.js":{"path":"/home/travis/build/npmtest/node-npmtest-raspi-io/node_modules/raspi-io-core/dist/index.js","s":{"1":1,"2":1,"3":1,"4":0,"5":0,"6":1,"7":1,"8":1,"9":48,"10":48,"11":48,"12":48,"13":48,"14":48,"15":1,"16":1,"17":1,"18":1,"19":0,"20":1,"21":1,"22":1,"23":0,"24":0,"25":0,"26":0,"27":1,"28":0,"29":0,"30":1,"31":0,"32":0,"33":0,"34":1,"35":1,"36":0,"37":1,"38":1,"39":1,"40":1,"41":1,"42":1,"43":1,"44":1,"45":1,"46":1,"47":1,"48":1,"49":1,"50":1,"51":1,"52":1,"53":1,"54":1,"55":1,"56":1,"57":1,"58":1,"59":1,"60":1,"61":1,"62":1,"63":1,"64":1,"65":1,"66":1,"67":1,"68":1,"69":1,"70":1,"71":1,"72":1,"73":1,"74":1,"75":1,"76":1,"77":1,"78":1,"79":1,"80":1,"81":1,"82":1,"83":1,"84":1,"85":0,"86":0,"87":0,"88":0,"89":1,"90":1,"91":1,"92":0,"93":0,"94":0,"95":0,"96":0,"97":0,"98":0,"99":0,"100":0,"101":0,"102":0,"103":0,"104":0,"105":0,"106":0,"107":0,"108":0,"109":0,"110":0,"111":0,"112":0,"113":0,"114":0,"115":0,"116":0,"117":0,"118":0,"119":0,"120":0,"121":0,"122":0,"123":0,"124":0,"125":0,"126":0,"127":0,"128":0,"129":0,"130":0,"131":0,"132":0,"133":0,"134":0,"135":0,"136":0,"137":0,"138":0,"139":0,"140":0,"141":0,"142":0,"143":0,"144":0,"145":0,"146":0,"147":0,"148":0,"149":0,"150":0,"151":0,"152":0,"153":0,"154":0,"155":0,"156":0,"157":0,"158":0,"159":0,"160":0,"161":0,"162":0,"163":0,"164":0,"165":0,"166":0,"167":0,"168":0,"169":0,"170":0,"171":0,"172":0,"173":0,"174":0,"175":0,"176":0,"177":0,"178":0,"179":0,"180":0,"181":0,"182":0,"183":0,"184":0,"185":0,"186":0,"187":0,"188":0,"189":0,"190":0,"191":0,"192":0,"193":0,"194":0,"195":0,"196":0,"197":0,"198":0,"199":0,"200":0,"201":0,"202":0,"203":0,"204":0,"205":1,"206":0,"207":0,"208":0,"209":0,"210":0,"211":0,"212":0,"213":0,"214":0,"215":0,"216":0,"217":0,"218":0,"219":0,"220":0,"221":0,"222":0,"223":0,"224":0,"225":0,"226":0,"227":0,"228":0,"229":0,"230":0,"231":0,"232":0,"233":0,"234":0,"235":0,"236":0,"237":0,"238":0,"239":0,"240":0,"241":0,"242":0,"243":0,"244":0,"245":0,"246":0,"247":0,"248":0,"249":0,"250":0,"251":0,"252":0,"253":0,"254":0,"255":0,"256":0,"257":0,"258":0,"259":0,"260":0,"261":0,"262":0,"263":0,"264":0,"265":0,"266":0,"267":0,"268":0,"269":0,"270":0,"271":0,"272":0,"273":0,"274":0,"275":0,"276":0,"277":0,"278":0,"279":0,"280":0,"281":0,"282":0,"283":0,"284":0,"285":0,"286":0,"287":0,"288":0,"289":0,"290":0,"291":0,"292":0,"293":0,"294":0,"295":0,"296":0,"297":0,"298":0,"299":0,"300":0,"301":0,"302":0,"303":0,"304":0,"305":0,"306":0,"307":0,"308":0,"309":0,"310":0,"311":0,"312":0,"313":0,"314":0,"315":0,"316":0,"317":0,"318":0,"319":0,"320":0,"321":0,"322":0,"323":0,"324":0,"325":0,"326":0,"327":0,"328":0,"329":0,"330":0,"331":0,"332":0,"333":0,"334":0,"335":0,"336":0,"337":0,"338":0,"339":0,"340":0,"341":0,"342":0,"343":0,"344":0,"345":0,"346":0,"347":0,"348":0,"349":0,"350":0,"351":0,"352":0,"353":0,"354":0,"355":0,"356":0,"357":0,"358":0,"359":0,"360":0,"361":0,"362":0,"363":0,"364":0,"365":0,"366":0,"367":0,"368":0,"369":0,"370":0,"371":0,"372":0,"373":0,"374":0,"375":0,"376":0,"377":0,"378":0,"379":0,"380":0,"381":0,"382":0,"383":0,"384":0,"385":0,"386":0,"387":0,"388":0,"389":0,"390":0,"391":0,"392":0,"393":0,"394":0,"395":0,"396":0,"397":0,"398":0,"399":0,"400":0,"401":0,"402":0,"403":0,"404":0,"405":0,"406":0,"407":0,"408":0,"409":0,"410":0,"411":0,"412":0,"413":0,"414":0,"415":0,"416":0,"417":0,"418":0,"419":0,"420":0,"421":0,"422":0,"423":0,"424":0,"425":0,"426":0,"427":0,"428":0,"429":0,"430":0,"431":0,"432":0,"433":0,"434":0,"435":0,"436":0,"437":0,"438":0,"439":0,"440":0,"441":0,"442":0,"443":0,"444":0,"445":0,"446":0,"447":0,"448":1},"b":{"1":[1,0],"2":[1,1],"3":[0,0],"4":[0,0,0,0],"5":[48,48],"6":[48,0],"7":[1,0],"8":[0,1],"9":[0,0],"10":[0,0],"11":[0,0],"12":[0,0],"13":[0,0,0],"14":[0,1],"15":[1,0],"16":[1,1],"17":[1,0],"18":[1,0],"19":[0,0],"20":[0,0],"21":[0,0],"22":[0,0],"23":[0,0],"24":[0,0],"25":[0,0],"26":[0,0],"27":[0,0],"28":[0,0],"29":[0,0],"30":[0,0],"31":[0,0],"32":[0,0],"33":[0,0],"34":[0,0],"35":[0,0],"36":[0,0],"37":[0,0],"38":[0,0],"39":[0,0],"40":[0,0],"41":[0,0],"42":[0,0],"43":[0,0],"44":[0,0],"45":[0,0],"46":[0,0],"47":[0,0],"48":[0,0],"49":[0,0],"50":[0,0],"51":[0,0],"52":[0,0],"53":[0,0],"54":[0,0,0],"55":[0,0],"56":[0,0],"57":[0,0],"58":[0,0],"59":[0,0],"60":[0,0],"61":[0,0],"62":[0,0],"63":[0,0,0,0,0,0],"64":[0,0],"65":[0,0],"66":[0,0,0,0,0],"67":[0,0],"68":[0,0],"69":[0,0],"70":[0,0],"71":[0,0],"72":[0,0],"73":[0,0],"74":[0,0],"75":[0,0],"76":[0,0],"77":[0,0],"78":[0,0],"79":[0,0],"80":[0,0],"81":[0,0],"82":[0,0],"83":[0,0],"84":[0,0],"85":[0,0],"86":[0,0],"87":[0,0],"88":[0,0],"89":[0,0],"90":[0,0],"91":[0,0],"92":[0,0],"93":[0,0],"94":[0,0],"95":[0,0,0],"96":[0,0],"97":[0,0],"98":[0,0],"99":[0,0],"100":[0,0,0],"101":[0,0],"102":[0,0],"103":[0,0],"104":[0,0],"105":[0,0],"106":[0,0],"107":[0,0],"108":[0,0,0],"109":[0,0],"110":[0,0],"111":[0,0],"112":[0,0],"113":[0,0],"114":[0,0],"115":[0,0],"116":[0,0],"117":[0,0],"118":[0,0,0,0,0,0,0],"119":[0,0],"120":[0,0],"121":[0,0],"122":[0,0]},"f":{"1":0,"2":0,"3":1,"4":1,"5":1,"6":0,"7":0,"8":0,"9":1,"10":0,"11":1,"12":0,"13":0,"14":0,"15":0,"16":0,"17":0,"18":0,"19":0,"20":0,"21":0,"22":0,"23":0,"24":0,"25":0,"26":0,"27":0,"28":0,"29":0,"30":0,"31":0,"32":0,"33":0,"34":0,"35":0,"36":0,"37":0,"38":0,"39":0,"40":0,"41":0,"42":0,"43":0,"44":0,"45":0,"46":0,"47":0,"48":0,"49":0,"50":0,"51":0,"52":0,"53":0,"54":0,"55":0,"56":0,"57":0,"58":0,"59":0,"60":0,"61":0,"62":0,"63":0,"64":0,"65":0,"66":0,"67":0,"68":0,"69":0,"70":0,"71":0,"72":0,"73":0,"74":0,"75":0,"76":0,"77":0,"78":0,"79":0,"80":0,"81":0,"82":0},"fnMap":{"1":{"name":"(anonymous_1)","line":8,"loc":{"start":{"line":8,"column":84},"end":{"line":8,"column":99}}},"2":{"name":"(anonymous_2)","line":8,"loc":{"start":{"line":8,"column":124},"end":{"line":8,"column":139}}},"3":{"name":"(anonymous_3)","line":10,"loc":{"start":{"line":10,"column":19},"end":{"line":10,"column":31}}},"4":{"name":"defineProperties","line":10,"loc":{"start":{"line":10,"column":33},"end":{"line":10,"column":74}}},"5":{"name":"(anonymous_5)","line":10,"loc":{"start":{"line":10,"column":357},"end":{"line":10,"column":405}}},"6":{"name":"_defineProperty","line":14,"loc":{"start":{"line":14,"column":0},"end":{"line":14,"column":42}}},"7":{"name":"_classCallCheck","line":16,"loc":{"start":{"line":16,"column":0},"end":{"line":16,"column":48}}},"8":{"name":"_possibleConstructorReturn","line":18,"loc":{"start":{"line":18,"column":0},"end":{"line":18,"column":48}}},"9":{"name":"_inherits","line":20,"loc":{"start":{"line":20,"column":0},"end":{"line":20,"column":41}}},"10":{"name":"bufferToArray","line":100,"loc":{"start":{"line":100,"column":0},"end":{"line":100,"column":31}}},"11":{"name":"(anonymous_11)","line":108,"loc":{"start":{"line":108,"column":40},"end":{"line":108,"column":65}}},"12":{"name":"RaspiIOCore","line":111,"loc":{"start":{"line":111,"column":2},"end":{"line":111,"column":32}}},"13":{"name":"get","line":198,"loc":{"start":{"line":198,"column":11},"end":{"line":198,"column":26}}},"14":{"name":"get","line":206,"loc":{"start":{"line":206,"column":11},"end":{"line":206,"column":26}}},"15":{"name":"get","line":214,"loc":{"start":{"line":214,"column":11},"end":{"line":214,"column":26}}},"16":{"name":"(anonymous_16)","line":278,"loc":{"start":{"line":278,"column":28},"end":{"line":278,"column":40}}},"17":{"name":"(anonymous_17)","line":356,"loc":{"start":{"line":356,"column":39},"end":{"line":356,"column":54}}},"18":{"name":"get","line":395,"loc":{"start":{"line":395,"column":17},"end":{"line":395,"column":32}}},"19":{"name":"get","line":401,"loc":{"start":{"line":401,"column":17},"end":{"line":401,"column":32}}},"20":{"name":"set","line":411,"loc":{"start":{"line":411,"column":17},"end":{"line":411,"column":37}}},"21":{"name":"get","line":442,"loc":{"start":{"line":442,"column":19},"end":{"line":442,"column":34}}},"22":{"name":"get","line":448,"loc":{"start":{"line":448,"column":19},"end":{"line":448,"column":34}}},"23":{"name":"set","line":451,"loc":{"start":{"line":451,"column":19},"end":{"line":451,"column":34}}},"24":{"name":"reset","line":481,"loc":{"start":{"line":481,"column":11},"end":{"line":481,"column":28}}},"25":{"name":"normalize","line":486,"loc":{"start":{"line":486,"column":11},"end":{"line":486,"column":35}}},"26":{"name":"value","line":495,"loc":{"start":{"line":495,"column":11},"end":{"line":495,"column":31}}},"27":{"name":"pinMode","line":504,"loc":{"start":{"line":504,"column":11},"end":{"line":504,"column":39}}},"28":{"name":"value","line":509,"loc":{"start":{"line":509,"column":11},"end":{"line":509,"column":32}}},"29":{"name":"analogRead","line":576,"loc":{"start":{"line":576,"column":11},"end":{"line":576,"column":33}}},"30":{"name":"analogWrite","line":581,"loc":{"start":{"line":581,"column":11},"end":{"line":581,"column":44}}},"31":{"name":"pwmWrite","line":586,"loc":{"start":{"line":586,"column":11},"end":{"line":586,"column":41}}},"32":{"name":"digitalRead","line":595,"loc":{"start":{"line":595,"column":11},"end":{"line":595,"column":46}}},"33":{"name":"(anonymous_33)","line":602,"loc":{"start":{"line":602,"column":33},"end":{"line":602,"column":45}}},"34":{"name":"(anonymous_34)","line":614,"loc":{"start":{"line":614,"column":45},"end":{"line":614,"column":57}}},"35":{"name":"digitalWrite","line":620,"loc":{"start":{"line":620,"column":11},"end":{"line":620,"column":45}}},"36":{"name":"servoConfig","line":636,"loc":{"start":{"line":636,"column":11},"end":{"line":636,"column":47}}},"37":{"name":"servoWrite","line":658,"loc":{"start":{"line":658,"column":11},"end":{"line":658,"column":43}}},"38":{"name":"queryCapabilities","line":668,"loc":{"start":{"line":668,"column":11},"end":{"line":668,"column":42}}},"39":{"name":"queryAnalogMapping","line":677,"loc":{"start":{"line":677,"column":11},"end":{"line":677,"column":43}}},"40":{"name":"queryPinState","line":686,"loc":{"start":{"line":686,"column":11},"end":{"line":686,"column":43}}},"41":{"name":"value","line":695,"loc":{"start":{"line":695,"column":11},"end":{"line":695,"column":28}}},"42":{"name":"i2cConfig","line":702,"loc":{"start":{"line":702,"column":11},"end":{"line":702,"column":39}}},"43":{"name":"i2cWrite","line":721,"loc":{"start":{"line":721,"column":11},"end":{"line":721,"column":61}}},"44":{"name":"i2cWriteReg","line":750,"loc":{"start":{"line":750,"column":11},"end":{"line":750,"column":58}}},"45":{"name":"value","line":759,"loc":{"start":{"line":759,"column":11},"end":{"line":759,"column":80}}},"46":{"name":"(anonymous_46)","line":771,"loc":{"start":{"line":771,"column":61},"end":{"line":771,"column":73}}},"47":{"name":"read","line":776,"loc":{"start":{"line":776,"column":17},"end":{"line":776,"column":33}}},"48":{"name":"afterRead","line":777,"loc":{"start":{"line":777,"column":24},"end":{"line":777,"column":56}}},"49":{"name":"i2cRead","line":805,"loc":{"start":{"line":805,"column":11},"end":{"line":805,"column":30}}},"50":{"name":"i2cReadOnce","line":814,"loc":{"start":{"line":814,"column":11},"end":{"line":814,"column":34}}},"51":{"name":"sendI2CConfig","line":823,"loc":{"start":{"line":823,"column":11},"end":{"line":823,"column":36}}},"52":{"name":"sendI2CWriteRequest","line":828,"loc":{"start":{"line":828,"column":11},"end":{"line":828,"column":42}}},"53":{"name":"sendI2CReadRequest","line":833,"loc":{"start":{"line":833,"column":11},"end":{"line":833,"column":41}}},"54":{"name":"serialConfig","line":838,"loc":{"start":{"line":838,"column":11},"end":{"line":838,"column":40}}},"55":{"name":"serialWrite","line":855,"loc":{"start":{"line":855,"column":11},"end":{"line":855,"column":49}}},"56":{"name":"serialRead","line":867,"loc":{"start":{"line":867,"column":11},"end":{"line":867,"column":64}}},"57":{"name":"serialStop","line":884,"loc":{"start":{"line":884,"column":11},"end":{"line":884,"column":39}}},"58":{"name":"serialClose","line":895,"loc":{"start":{"line":895,"column":11},"end":{"line":895,"column":40}}},"59":{"name":"serialFlush","line":906,"loc":{"start":{"line":906,"column":11},"end":{"line":906,"column":40}}},"60":{"name":"value","line":917,"loc":{"start":{"line":917,"column":11},"end":{"line":917,"column":34}}},"61":{"name":"value","line":926,"loc":{"start":{"line":926,"column":11},"end":{"line":926,"column":28}}},"62":{"name":"finalize","line":934,"loc":{"start":{"line":934,"column":21},"end":{"line":934,"column":41}}},"63":{"name":"(anonymous_63)","line":951,"loc":{"start":{"line":951,"column":34},"end":{"line":951,"column":50}}},"64":{"name":"(anonymous_64)","line":966,"loc":{"start":{"line":966,"column":29},"end":{"line":966,"column":41}}},"65":{"name":"(anonymous_65)","line":970,"loc":{"start":{"line":970,"column":32},"end":{"line":970,"column":44}}},"66":{"name":"(anonymous_66)","line":971,"loc":{"start":{"line":971,"column":40},"end":{"line":971,"column":56}}},"67":{"name":"(anonymous_67)","line":981,"loc":{"start":{"line":981,"column":29},"end":{"line":981,"column":41}}},"68":{"name":"sendOneWireConfig","line":1000,"loc":{"start":{"line":1000,"column":11},"end":{"line":1000,"column":40}}},"69":{"name":"sendOneWireSearch","line":1005,"loc":{"start":{"line":1005,"column":11},"end":{"line":1005,"column":40}}},"70":{"name":"sendOneWireAlarmsSearch","line":1010,"loc":{"start":{"line":1010,"column":11},"end":{"line":1010,"column":46}}},"71":{"name":"sendOneWireRead","line":1015,"loc":{"start":{"line":1015,"column":11},"end":{"line":1015,"column":38}}},"72":{"name":"sendOneWireReset","line":1020,"loc":{"start":{"line":1020,"column":11},"end":{"line":1020,"column":39}}},"73":{"name":"sendOneWireWrite","line":1025,"loc":{"start":{"line":1025,"column":11},"end":{"line":1025,"column":39}}},"74":{"name":"sendOneWireDelay","line":1030,"loc":{"start":{"line":1030,"column":11},"end":{"line":1030,"column":39}}},"75":{"name":"sendOneWireWriteAndRead","line":1035,"loc":{"start":{"line":1035,"column":11},"end":{"line":1035,"column":46}}},"76":{"name":"setSamplingInterval","line":1040,"loc":{"start":{"line":1040,"column":11},"end":{"line":1040,"column":42}}},"77":{"name":"reportAnalogPin","line":1045,"loc":{"start":{"line":1045,"column":11},"end":{"line":1045,"column":38}}},"78":{"name":"reportDigitalPin","line":1050,"loc":{"start":{"line":1050,"column":11},"end":{"line":1050,"column":39}}},"79":{"name":"pingRead","line":1055,"loc":{"start":{"line":1055,"column":11},"end":{"line":1055,"column":31}}},"80":{"name":"pulseIn","line":1060,"loc":{"start":{"line":1060,"column":11},"end":{"line":1060,"column":30}}},"81":{"name":"stepperConfig","line":1065,"loc":{"start":{"line":1065,"column":11},"end":{"line":1065,"column":36}}},"82":{"name":"stepperStep","line":1070,"loc":{"start":{"line":1070,"column":11},"end":{"line":1070,"column":34}}}},"statementMap":{"1":{"start":{"line":3,"column":0},"end":{"line":5,"column":3}},"2":{"start":{"line":6,"column":0},"end":{"line":6,"column":32}},"3":{"start":{"line":8,"column":0},"end":{"line":8,"column":269}},"4":{"start":{"line":8,"column":101},"end":{"line":8,"column":119}},"5":{"start":{"line":8,"column":141},"end":{"line":8,"column":266}},"6":{"start":{"line":10,"column":0},"end":{"line":10,"column":564}},"7":{"start":{"line":10,"column":33},"end":{"line":10,"column":349}},"8":{"start":{"line":10,"column":76},"end":{"line":10,"column":347}},"9":{"start":{"line":10,"column":117},"end":{"line":10,"column":143}},"10":{"start":{"line":10,"column":144},"end":{"line":10,"column":199}},"11":{"start":{"line":10,"column":200},"end":{"line":10,"column":231}},"12":{"start":{"line":10,"column":232},"end":{"line":10,"column":286}},"13":{"start":{"line":10,"column":259},"end":{"line":10,"column":286}},"14":{"start":{"line":10,"column":287},"end":{"line":10,"column":345}},"15":{"start":{"line":10,"column":350},"end":{"line":10,"column":559}},"16":{"start":{"line":10,"column":407},"end":{"line":10,"column":475}},"17":{"start":{"line":10,"column":423},"end":{"line":10,"column":475}},"18":{"start":{"line":10,"column":476},"end":{"line":10,"column":536}},"19":{"start":{"line":10,"column":493},"end":{"line":10,"column":536}},"20":{"start":{"line":10,"column":537},"end":{"line":10,"column":556}},"21":{"start":{"line":12,"column":0},"end":{"line":12,"column":32}},"22":{"start":{"line":14,"column":0},"end":{"line":14,"column":209}},"23":{"start":{"line":14,"column":44},"end":{"line":14,"column":195}},"24":{"start":{"line":14,"column":62},"end":{"line":14,"column":166}},"25":{"start":{"line":14,"column":176},"end":{"line":14,"column":193}},"26":{"start":{"line":14,"column":196},"end":{"line":14,"column":207}},"27":{"start":{"line":16,"column":0},"end":{"line":16,"column":153}},"28":{"start":{"line":16,"column":50},"end":{"line":16,"column":151}},"29":{"start":{"line":16,"column":92},"end":{"line":16,"column":149}},"30":{"start":{"line":18,"column":0},"end":{"line":18,"column":240}},"31":{"start":{"line":18,"column":50},"end":{"line":18,"column":151}},"32":{"start":{"line":18,"column":63},"end":{"line":18,"column":149}},"33":{"start":{"line":18,"column":152},"end":{"line":18,"column":238}},"34":{"start":{"line":20,"column":0},"end":{"line":20,"column":494}},"35":{"start":{"line":20,"column":43},"end":{"line":20,"column":208}},"36":{"start":{"line":20,"column":106},"end":{"line":20,"column":206}},"37":{"start":{"line":20,"column":209},"end":{"line":20,"column":373}},"38":{"start":{"line":20,"column":374},"end":{"line":20,"column":492}},"39":{"start":{"line":20,"column":390},"end":{"line":20,"column":492}},"40":{"start":{"line":46,"column":0},"end":{"line":46,"column":19}},"41":{"start":{"line":47,"column":0},"end":{"line":47,"column":20}},"42":{"start":{"line":48,"column":0},"end":{"line":48,"column":20}},"43":{"start":{"line":49,"column":0},"end":{"line":49,"column":17}},"44":{"start":{"line":50,"column":0},"end":{"line":50,"column":19}},"45":{"start":{"line":51,"column":0},"end":{"line":51,"column":22}},"46":{"start":{"line":53,"column":0},"end":{"line":53,"column":12}},"47":{"start":{"line":54,"column":0},"end":{"line":54,"column":13}},"48":{"start":{"line":56,"column":0},"end":{"line":56,"column":17}},"49":{"start":{"line":58,"column":0},"end":{"line":58,"column":30}},"50":{"start":{"line":59,"column":0},"end":{"line":59,"column":32}},"51":{"start":{"line":62,"column":0},"end":{"line":62,"column":29}},"52":{"start":{"line":63,"column":0},"end":{"line":63,"column":29}},"53":{"start":{"line":64,"column":0},"end":{"line":64,"column":34}},"54":{"start":{"line":67,"column":0},"end":{"line":67,"column":32}},"55":{"start":{"line":68,"column":0},"end":{"line":68,"column":26}},"56":{"start":{"line":69,"column":0},"end":{"line":69,"column":36}},"57":{"start":{"line":70,"column":0},"end":{"line":70,"column":38}},"58":{"start":{"line":71,"column":0},"end":{"line":71,"column":46}},"59":{"start":{"line":72,"column":0},"end":{"line":72,"column":24}},"60":{"start":{"line":73,"column":0},"end":{"line":73,"column":34}},"61":{"start":{"line":74,"column":0},"end":{"line":74,"column":33}},"62":{"start":{"line":75,"column":0},"end":{"line":75,"column":44}},"63":{"start":{"line":76,"column":0},"end":{"line":76,"column":33}},"64":{"start":{"line":77,"column":0},"end":{"line":77,"column":30}},"65":{"start":{"line":78,"column":0},"end":{"line":78,"column":40}},"66":{"start":{"line":79,"column":0},"end":{"line":79,"column":50}},"67":{"start":{"line":80,"column":0},"end":{"line":80,"column":38}},"68":{"start":{"line":81,"column":0},"end":{"line":81,"column":54}},"69":{"start":{"line":82,"column":0},"end":{"line":82,"column":42}},"70":{"start":{"line":84,"column":0},"end":{"line":84,"column":40}},"71":{"start":{"line":85,"column":0},"end":{"line":85,"column":50}},"72":{"start":{"line":86,"column":0},"end":{"line":86,"column":48}},"73":{"start":{"line":87,"column":0},"end":{"line":87,"column":46}},"74":{"start":{"line":88,"column":0},"end":{"line":88,"column":46}},"75":{"start":{"line":89,"column":0},"end":{"line":89,"column":46}},"76":{"start":{"line":90,"column":0},"end":{"line":90,"column":52}},"77":{"start":{"line":91,"column":0},"end":{"line":91,"column":54}},"78":{"start":{"line":93,"column":0},"end":{"line":93,"column":48}},"79":{"start":{"line":94,"column":0},"end":{"line":94,"column":48}},"80":{"start":{"line":95,"column":0},"end":{"line":95,"column":48}},"81":{"start":{"line":96,"column":0},"end":{"line":96,"column":50}},"82":{"start":{"line":97,"column":0},"end":{"line":97,"column":46}},"83":{"start":{"line":98,"column":0},"end":{"line":98,"column":46}},"84":{"start":{"line":100,"column":0},"end":{"line":106,"column":1}},"85":{"start":{"line":101,"column":2},"end":{"line":101,"column":35}},"86":{"start":{"line":102,"column":2},"end":{"line":104,"column":3}},"87":{"start":{"line":103,"column":4},"end":{"line":103,"column":25}},"88":{"start":{"line":105,"column":2},"end":{"line":105,"column":15}},"89":{"start":{"line":108,"column":0},"end":{"line":1076,"column":24}},"90":{"start":{"line":109,"column":2},"end":{"line":109,"column":40}},"91":{"start":{"line":111,"column":2},"end":{"line":477,"column":3}},"92":{"start":{"line":112,"column":4},"end":{"line":112,"column":54}},"93":{"start":{"line":114,"column":4},"end":{"line":114,"column":39}},"94":{"start":{"line":116,"column":4},"end":{"line":116,"column":123}},"95":{"start":{"line":118,"column":4},"end":{"line":120,"column":5}},"96":{"start":{"line":119,"column":6},"end":{"line":119,"column":46}},"97":{"start":{"line":121,"column":4},"end":{"line":126,"column":36}},"98":{"start":{"line":129,"column":4},"end":{"line":131,"column":5}},"99":{"start":{"line":130,"column":6},"end":{"line":130,"column":55}},"100":{"start":{"line":132,"column":4},"end":{"line":134,"column":5}},"101":{"start":{"line":133,"column":6},"end":{"line":133,"column":74}},"102":{"start":{"line":135,"column":4},"end":{"line":137,"column":5}},"103":{"start":{"line":136,"column":6},"end":{"line":136,"column":80}},"104":{"start":{"line":138,"column":4},"end":{"line":140,"column":5}},"105":{"start":{"line":139,"column":6},"end":{"line":139,"column":79}},"106":{"start":{"line":141,"column":4},"end":{"line":143,"column":5}},"107":{"start":{"line":142,"column":6},"end":{"line":142,"column":78}},"108":{"start":{"line":144,"column":4},"end":{"line":146,"column":5}},"109":{"start":{"line":145,"column":6},"end":{"line":145,"column":78}},"110":{"start":{"line":147,"column":4},"end":{"line":149,"column":5}},"111":{"start":{"line":148,"column":6},"end":{"line":148,"column":78}},"112":{"start":{"line":150,"column":4},"end":{"line":152,"column":5}},"113":{"start":{"line":151,"column":6},"end":{"line":151,"column":108}},"114":{"start":{"line":153,"column":4},"end":{"line":155,"column":5}},"115":{"start":{"line":154,"column":6},"end":{"line":154,"column":111}},"116":{"start":{"line":157,"column":4},"end":{"line":181,"column":32}},"117":{"start":{"line":183,"column":4},"end":{"line":249,"column":33}},"118":{"start":{"line":199,"column":8},"end":{"line":199,"column":29}},"119":{"start":{"line":207,"column":8},"end":{"line":207,"column":26}},"120":{"start":{"line":215,"column":8},"end":{"line":215,"column":32}},"121":{"start":{"line":251,"column":4},"end":{"line":276,"column":5}},"122":{"start":{"line":252,"column":6},"end":{"line":252,"column":33}},"123":{"start":{"line":254,"column":6},"end":{"line":266,"column":35}},"124":{"start":{"line":268,"column":6},"end":{"line":275,"column":9}},"125":{"start":{"line":278,"column":4},"end":{"line":475,"column":7}},"126":{"start":{"line":279,"column":6},"end":{"line":279,"column":58}},"127":{"start":{"line":280,"column":6},"end":{"line":280,"column":23}},"128":{"start":{"line":283,"column":6},"end":{"line":286,"column":8}},"129":{"start":{"line":288,"column":6},"end":{"line":290,"column":7}},"130":{"start":{"line":289,"column":8},"end":{"line":289,"column":96}},"131":{"start":{"line":292,"column":6},"end":{"line":354,"column":7}},"132":{"start":{"line":293,"column":8},"end":{"line":293,"column":32}},"133":{"start":{"line":294,"column":8},"end":{"line":294,"column":45}},"134":{"start":{"line":295,"column":8},"end":{"line":295,"column":38}},"135":{"start":{"line":296,"column":8},"end":{"line":296,"column":39}},"136":{"start":{"line":298,"column":8},"end":{"line":321,"column":9}},"137":{"start":{"line":299,"column":10},"end":{"line":307,"column":11}},"138":{"start":{"line":300,"column":12},"end":{"line":300,"column":34}},"139":{"start":{"line":302,"column":12},"end":{"line":302,"column":74}},"140":{"start":{"line":303,"column":12},"end":{"line":305,"column":13}},"141":{"start":{"line":304,"column":14},"end":{"line":304,"column":84}},"142":{"start":{"line":306,"column":12},"end":{"line":306,"column":71}},"143":{"start":{"line":309,"column":10},"end":{"line":309,"column":35}},"144":{"start":{"line":310,"column":10},"end":{"line":310,"column":31}},"145":{"start":{"line":312,"column":10},"end":{"line":320,"column":11}},"146":{"start":{"line":313,"column":12},"end":{"line":315,"column":13}},"147":{"start":{"line":314,"column":14},"end":{"line":314,"column":33}},"148":{"start":{
[...]
ipheral = new this[raspiGpioModule].DigitalInput(config);","            break;","          case OUTPUT_MODE:","            pinInstance.peripheral = new this[raspiGpioModule].DigitalOutput(config);","            break;","          case PWM_MODE:","          case SERVO_MODE:","            if (pinInstance.isHardwarePwm) {","              pinInstance.peripheral = new this[raspiPwmModule].PWM(normalizedPin);","            } else {","              pinInstance.peripheral = new this[raspiSoftPwmModule].SoftPWM({","                pin: normalizedPin,","                frequency: SOFTWARE_PWM_FREQUENCY,","                range: SOFTWARE_PWM_RANGE","              });","            }","            break;","          default:","            console.warn('Unknown pin mode: ' + mode); // eslint-disable-line no-console","            break;","        }","      }","      pinInstance.mode = mode;","    }","  }, {","    key: 'analogRead',","    value: function analogRead() {","      throw new Error('analogRead is not supported on the Raspberry Pi');","    }","  }, {","    key: 'analogWrite',","    value: function analogWrite(pin, value) {","      this.pwmWrite(pin, value);","    }","  }, {","    key: 'pwmWrite',","    value: function pwmWrite(pin, value) {","      var pinInstance = this[getPinInstance](this.normalize(pin));","      if (pinInstance.mode != PWM_MODE) {","        this.pinMode(pin, PWM_MODE);","      }","      pinInstance.peripheral.write(Math.round(value * pinInstance.peripheral.range / 255));","    }","  }, {","    key: 'digitalRead',","    value: function digitalRead(pin, handler) {","      var _this2 = this;","","      var pinInstance = this[getPinInstance](this.normalize(pin));","      if (pinInstance.mode != INPUT_MODE) {","        this.pinMode(pin, INPUT_MODE);","      }","      var interval = setInterval(function () {","        var value = void 0;","        if (pinInstance.mode == INPUT_MODE) {","          value = pinInstance.peripheral.read();","        } else {","          value = pinInstance.previousWrittenValue;","        }","        if (handler) {","          handler(value);","        }","        _this2.emit('digital-read-' + pin, value);","      }, DIGITAL_READ_UPDATE_RATE);","      pinInstance.peripheral.on('destroyed', function () {","        clearInterval(interval);","      });","    }","  }, {","    key: 'digitalWrite',","    value: function digitalWrite(pin, value) {","      var pinInstance = this[getPinInstance](this.normalize(pin));","      if (pinInstance.mode === INPUT_MODE && value === HIGH) {","        this[_pinMode]({ pin: pin, mode: INPUT_MODE, pullResistor: this[raspiGpioModule].PULL_UP });","      } else if (pinInstance.mode === INPUT_MODE && value === LOW) {","        this[_pinMode]({ pin: pin, mode: INPUT_MODE, pullResistor: this[raspiGpioModule].PULL_DOWN });","      } else if (pinInstance.mode != OUTPUT_MODE) {","        this[_pinMode]({ pin: pin, mode: OUTPUT_MODE });","      }","      if (pinInstance.mode === OUTPUT_MODE && value != pinInstance.previousWrittenValue) {","        pinInstance.peripheral.write(value ? HIGH : LOW);","        pinInstance.previousWrittenValue = value;","      }","    }","  }, {","    key: 'servoConfig',","    value: function servoConfig(pin, min, max) {","      var config = pin;","      if ((typeof config === 'undefined' ? 'undefined' : _typeof(config)) !== 'object') {","        config = { pin: pin, min: min, max: max };","      }","      if (typeof config.min !== 'number') {","        config.min = DEFAULT_SERVO_MIN;","      }","      if (typeof config.max !== 'number') {","        config.max = DEFAULT_SERVO_MAX;","      }","      var normalizedPin = this.normalize(pin);","      this[_pinMode]({","        pin: normalizedPin,","        mode: SERVO_MODE","      });","      var pinInstance = this[getPinInstance](this.normalize(normalizedPin));","      pinInstance.min = config.min;","      pinInstance.max = config.max;","    }","  }, {","    key: 'servoWrite',","    value: function servoWrite(pin, value) {","      var pinInstance = this[getPinInstance](this.normalize(pin));","      if (pinInstance.mode != SERVO_MODE) {","        this.pinMode(pin, SERVO_MODE);","      }","      var dutyCycle = (pinInstance.min + value / 180 * (pinInstance.max - pinInstance.min)) / 20000;","      pinInstance.peripheral.write(dutyCycle * pinInstance.peripheral.range);","    }","  }, {","    key: 'queryCapabilities',","    value: function queryCapabilities(cb) {","      if (this.isReady) {","        process.nextTick(cb);","      } else {","        this.on('ready', cb);","      }","    }","  }, {","    key: 'queryAnalogMapping',","    value: function queryAnalogMapping(cb) {","      if (this.isReady) {","        process.nextTick(cb);","      } else {","        this.on('ready', cb);","      }","    }","  }, {","    key: 'queryPinState',","    value: function queryPinState(pin, cb) {","      if (this.isReady) {","        process.nextTick(cb);","      } else {","        this.on('ready', cb);","      }","    }","  }, {","    key: i2cCheckAlive,","    value: function value() {","      if (!this[i2c].alive) {","        throw new Error('I2C pins not in I2C mode');","      }","    }","  }, {","    key: 'i2cConfig',","    value: function i2cConfig(options) {","      var delay = void 0;","","      if (typeof options === 'number') {","        delay = options;","      } else {","        if ((typeof options === 'undefined' ? 'undefined' : _typeof(options)) === 'object' && options !== null) {","          delay = options.delay;","        }","      }","","      this[i2cCheckAlive]();","","      this[i2cDelay] = Math.round((delay || 0) / 1000);","","      return this;","    }","  }, {","    key: 'i2cWrite',","    value: function i2cWrite(address, cmdRegOrData, inBytes) {","      this[i2cCheckAlive]();","","      // If i2cWrite was used for an i2cWriteReg call...","      if (arguments.length === 3 && !Array.isArray(cmdRegOrData) && !Array.isArray(inBytes)) {","        return this.i2cWriteReg(address, cmdRegOrData, inBytes);","      }","","      // Fix arguments if called with Firmata.js API","      if (arguments.length === 2) {","        if (Array.isArray(cmdRegOrData)) {","          inBytes = cmdRegOrData.slice();","          cmdRegOrData = inBytes.shift();","        } else {","          inBytes = [];","        }","      }","","      var buffer = new Buffer([cmdRegOrData].concat(inBytes));","","      // Only write if bytes provided","      if (buffer.length) {","        this[i2c].writeSync(address, buffer);","      }","","      return this;","    }","  }, {","    key: 'i2cWriteReg',","    value: function i2cWriteReg(address, register, value) {","      this[i2cCheckAlive]();","","      this[i2c].writeByteSync(address, register, value);","","      return this;","    }","  }, {","    key: _i2cRead,","    value: function value(continuous, address, register, bytesToRead, callback) {","      var _this3 = this;","","      this[i2cCheckAlive]();","","      // Fix arguments if called with Firmata.js API","      if (arguments.length == 4 && typeof register == 'number' && typeof bytesToRead == 'function') {","        callback = bytesToRead;","        bytesToRead = register;","        register = null;","      }","","      callback = typeof callback === 'function' ? callback : function () {};","","      var event = 'i2c-reply-' + address + '-';","      event += register !== null ? register : 0;","","      var read = function read() {","        var afterRead = function afterRead(err, buffer) {","          if (err) {","            return _this3.emit('error', err);","          }","","          // Convert buffer to Array before emit","          _this3.emit(event, Array.prototype.slice.call(buffer));","","          if (continuous) {","            setTimeout(read, _this3[i2cDelay]);","          }","        };","","        _this3.once(event, callback);","","        if (register !== null) {","          _this3[i2c].read(address, register, bytesToRead, afterRead);","        } else {","          _this3[i2c].read(address, bytesToRead, afterRead);","        }","      };","","      setTimeout(read, this[i2cDelay]);","","      return this;","    }","  }, {","    key: 'i2cRead',","    value: function i2cRead() {","      for (var _len = arguments.length, rest = Array(_len), _key = 0; _key < _len; _key++) {","        rest[_key] = arguments[_key];","      }","","      return this[_i2cRead].apply(this, [true].concat(rest));","    }","  }, {","    key: 'i2cReadOnce',","    value: function i2cReadOnce() {","      for (var _len2 = arguments.length, rest = Array(_len2), _key2 = 0; _key2 < _len2; _key2++) {","        rest[_key2] = arguments[_key2];","      }","","      return this[_i2cRead].apply(this, [false].concat(rest));","    }","  }, {","    key: 'sendI2CConfig',","    value: function sendI2CConfig() {","      return this.i2cConfig.apply(this, arguments);","    }","  }, {","    key: 'sendI2CWriteRequest',","    value: function sendI2CWriteRequest() {","      return this.i2cWrite.apply(this, arguments);","    }","  }, {","    key: 'sendI2CReadRequest',","    value: function sendI2CReadRequest() {","      return this.i2cReadOnce.apply(this, arguments);","    }","  }, {","    key: 'serialConfig',","    value: function serialConfig(_ref2) {","      var portId = _ref2.portId,","          baud = _ref2.baud;","","      if (!this[raspiSerialModule]) {","        throw new Error('Serial support is disabled');","      }","      if (!this[isSerialOpen] || baud && baud !== this[serial].baudRate) {","        this[addToSerialQueue]({","          type: SERIAL_ACTION_CONFIG,","          portId: portId,","          baud: baud","        });","      }","    }","  }, {","    key: 'serialWrite',","    value: function serialWrite(portId, inBytes) {","      if (!this[raspiSerialModule]) {","        throw new Error('Serial support is disabled');","      }","      this[addToSerialQueue]({","        type: SERIAL_ACTION_WRITE,","        portId: portId,","        inBytes: inBytes","      });","    }","  }, {","    key: 'serialRead',","    value: function serialRead(portId, maxBytesToRead, handler) {","      if (!this[raspiSerialModule]) {","        throw new Error('Serial support is disabled');","      }","      if (typeof maxBytesToRead === 'function') {","        handler = maxBytesToRead;","        maxBytesToRead = undefined;","      }","      this[addToSerialQueue]({","        type: SERIAL_ACTION_READ,","        portId: portId,","        maxBytesToRead: maxBytesToRead,","        handler: handler","      });","    }","  }, {","    key: 'serialStop',","    value: function serialStop(portId) {","      if (!this[raspiSerialModule]) {","        throw new Error('Serial support is disabled');","      }","      this[addToSerialQueue]({","        type: SERIAL_ACTION_STOP,","        portId: portId","      });","    }","  }, {","    key: 'serialClose',","    value: function serialClose(portId) {","      if (!this[raspiSerialModule]) {","        throw new Error('Serial support is disabled');","      }","      this[addToSerialQueue]({","        type: SERIAL_ACTION_CLOSE,","        portId: portId","      });","    }","  }, {","    key: 'serialFlush',","    value: function serialFlush(portId) {","      if (!this[raspiSerialModule]) {","        throw new Error('Serial support is disabled');","      }","      this[addToSerialQueue]({","        type: SERIAL_ACTION_FLUSH,","        portId: portId","      });","    }","  }, {","    key: addToSerialQueue,","    value: function value(action) {","      if (action.portId !== this[raspiSerialModule].DEFAULT_PORT) {","        throw new Error('Invalid serial port \"' + action.portId + '\"');","      }","      this[serialQueue].push(action);","      this[serialPump]();","    }","  }, {","    key: serialPump,","    value: function value() {","      var _this4 = this;","","      if (this[isSerialProcessing] || !this[serialQueue].length) {","        return;","      }","      this[isSerialProcessing] = true;","      var action = this[serialQueue].shift();","      var finalize = function finalize() {","        _this4[isSerialProcessing] = false;","        _this4[serialPump]();","      };","      switch (action.type) {","        case SERIAL_ACTION_WRITE:","          if (!this[isSerialOpen]) {","            throw new Error('Cannot write to closed serial port');","          }","          this[serial].write(action.inBytes, finalize);","          break;","","        case SERIAL_ACTION_READ:","          if (!this[isSerialOpen]) {","            throw new Error('Cannot read from closed serial port');","          }","          // TODO: add support for action.maxBytesToRead","          this[serial].on('data', function (data) {","            action.handler(bufferToArray(data));","          });","          process.nextTick(finalize);","          break;","","        case SERIAL_ACTION_STOP:","          if (!this[isSerialOpen]) {","            throw new Error('Cannot stop closed serial port');","          }","          this[serial].removeAllListeners();","          process.nextTick(finalize);","          break;","","        case SERIAL_ACTION_CONFIG:","          this[serial].close(function () {","            _this4[serial] = new _this4[raspiSerialModule].Serial({","              baudRate: action.baud","            });","            _this4[serial].open(function () {","              _this4[serial].on('data', function (data) {","                _this4.emit('serial-data-' + action.portId, bufferToArray(data));","              });","              _this4[isSerialOpen] = true;","              finalize();","            });","          });","          break;","","        case SERIAL_ACTION_CLOSE:","          this[serial].close(function () {","            _this4[isSerialOpen] = false;","            finalize();","          });","          break;","","        case SERIAL_ACTION_FLUSH:","          if (!this[isSerialOpen]) {","            throw new Error('Cannot flush closed serial port');","          }","          this[serial].flush(finalize);","          break;","","        default:","          throw new Error('Internal error: unknown serial action type');","      }","    }","  }, {","    key: 'sendOneWireConfig',","    value: function sendOneWireConfig() {","      throw new Error('sendOneWireConfig is not supported on the Raspberry Pi');","    }","  }, {","    key: 'sendOneWireSearch',","    value: function sendOneWireSearch() {","      throw new Error('sendOneWireSearch is not supported on the Raspberry Pi');","    }","  }, {","    key: 'sendOneWireAlarmsSearch',","    value: function sendOneWireAlarmsSearch() {","      throw new Error('sendOneWireAlarmsSearch is not supported on the Raspberry Pi');","    }","  }, {","    key: 'sendOneWireRead',","    value: function sendOneWireRead() {","      throw new Error('sendOneWireRead is not supported on the Raspberry Pi');","    }","  }, {","    key: 'sendOneWireReset',","    value: function sendOneWireReset() {","      throw new Error('sendOneWireConfig is not supported on the Raspberry Pi');","    }","  }, {","    key: 'sendOneWireWrite',","    value: function sendOneWireWrite() {","      throw new Error('sendOneWireWrite is not supported on the Raspberry Pi');","    }","  }, {","    key: 'sendOneWireDelay',","    value: function sendOneWireDelay() {","      throw new Error('sendOneWireDelay is not supported on the Raspberry Pi');","    }","  }, {","    key: 'sendOneWireWriteAndRead',","    value: function sendOneWireWriteAndRead() {","      throw new Error('sendOneWireWriteAndRead is not supported on the Raspberry Pi');","    }","  }, {","    key: 'setSamplingInterval',","    value: function setSamplingInterval() {","      throw new Error('setSamplingInterval is not yet implemented');","    }","  }, {","    key: 'reportAnalogPin',","    value: function reportAnalogPin() {","      throw new Error('reportAnalogPin is not yet implemented');","    }","  }, {","    key: 'reportDigitalPin',","    value: function reportDigitalPin() {","      throw new Error('reportDigitalPin is not yet implemented');","    }","  }, {","    key: 'pingRead',","    value: function pingRead() {","      throw new Error('pingRead is not yet implemented');","    }","  }, {","    key: 'pulseIn',","    value: function pulseIn() {","      throw new Error('pulseIn is not yet implemented');","    }","  }, {","    key: 'stepperConfig',","    value: function stepperConfig() {","      throw new Error('stepperConfig is not yet implemented');","    }","  }, {","    key: 'stepperStep',","    value: function stepperStep() {","      throw new Error('stepperStep is not yet implemented');","    }","  }]);","","  return RaspiIOCore;","}(_events.EventEmitter);",""],"l":{"3":1,"6":1,"8":1,"10":48,"12":1,"14":1,"16":1,"18":1,"20":1,"46":1,"47":1,"48":1,"49":1,"50":1,"51":1,"53":1,"54":1,"56":1,"58":1,"59":1,"62":1,"63":1,"64":1,"67":1,"68":1,"69":1,"70":1,"71":1,"72":1,"73":1,"74":1,"75":1,"76":1,"77":1,"78":1,"79":1,"80":1,"81":1,"82":1,"84":1,"85":1,"86":1,"87":1,"88":1,"89":1,"90":1,"91":1,"93":1,"94":1,"95":1,"96":1,"97":1,"98":1,"100":1,"101":0,"102":0,"103":0,"105":0,"108":1,"109":1,"111":1,"112":0,"114":0,"116":0,"118":0,"119":0,"121":0,"129":0,"130":0,"132":0,"133":0,"135":0,"136":0,"138":0,"139":0,"141":0,"142":0,"144":0,"145":0,"147":0,"148":0,"150":0,"151":0,"153":0,"154":0,"157":0,"183":0,"199":0,"207":0,"215":0,"251":0,"252":0,"254":0,"268":0,"278":0,"279":0,"280":0,"283":0,"288":0,"289":0,"292":0,"293":0,"294":0,"295":0,"296":0,"298":0,"299":0,"300":0,"302":0,"303":0,"304":0,"306":0,"309":0,"310":0,"312":0,"313":0,"314":0,"317":0,"318":0,"323":0,"324":0,"325":0,"326":0,"327":0,"328":0,"330":0,"331":0,"332":0,"334":0,"335":0,"336":0,"338":0,"341":0,"342":0,"344":0,"345":0,"346":0,"349":0,"350":0,"356":0,"357":0,"358":0,"361":0,"362":0,"363":0,"364":0,"365":0,"367":0,"368":0,"369":0,"370":0,"373":0,"388":0,"396":0,"402":0,"404":0,"406":0,"408":0,"412":0,"413":0,"426":0,"427":0,"428":0,"433":0,"434":0,"435":0,"443":0,"449":0,"465":0,"466":0,"472":0,"473":0,"474":0,"476":0,"479":1,"482":0,"487":0,"488":0,"489":0,"491":0,"496":0,"497":0,"498":0,"500":0,"505":0,"510":0,"515":0,"516":0,"517":0,"518":0,"523":0,"524":0,"525":0,"527":0,"529":0,"531":0,"533":0,"535":0,"537":0,"539":0,"542":0,"543":0,"544":0,"546":0,"548":0,"550":0,"551":0,"553":0,"554":0,"557":0,"558":0,"560":0,"566":0,"568":0,"569":0,"572":0,"577":0,"582":0,"587":0,"588":0,"589":0,"591":0,"596":0,"598":0,"599":0,"600":0,"602":0,"603":0,"604":0,"605":0,"607":0,"609":0,"610":0,"612":0,"614":0,"615":0,"621":0,"622":0,"623":0,"624":0,"625":0,"626":0,"627":0,"629":0,"630":0,"631":0,"637":0,"638":0,"639":0,"641":0,"642":0,"644":0,"645":0,"647":0,"648":0,"652":0,"653":0,"654":0,"659":0,"660":0,"661":0,"663":0,"664":0,"669":0,"670":0,"672":0,"678":0,"679":0,"681":0,"687":0,"688":0,"690":0,"696":0,"697":0,"703":0,"705":0,"706":0,"708":0,"709":0,"713":0,"715":0,"717":0,"722":0,"725":0,"726":0,"730":0,"731":0,"732":0,"733":0,"735":0,"739":0,"742":0,"743":0,"746":0,"751":0,"753":0,"755":0,"760":0,"762":0,"765":0,"766":0,"767":0,"768":0,"771":0,"773":0,"774":0,"776":0,"777":0,"778":0,"779":0,"783":0,"785":0,"786":0,"790":0,"792":0,"793":0,"795":0,"799":0,"801":0,"806":0,"807":0,"810":0,"815":0,"816":0,"819":0,"824":0,"829":0,"834":0,"839":0,"842":0,"843":0,"845":0,"846":0,"856":0,"857":0,"859":0,"868":0,"869":0,"871":0,"872":0,"873":0,"875":0,"885":0,"886":0,"888":0,"896":0,"897":0,"899":0,"907":0,"908":0,"910":0,"918":0,"919":0,"921":0,"922":0,"927":0,"929":0,"930":0,"932":0,"933":0,"934":0,"935":0,"936":0,"938":0,"940":0,"941":0,"943":0,"944":0,"947":0,"948":0,"951":0,"952":0,"954":0,"955":0,"958":0,"959":0,"961":0,"962":0,"963":0,"966":0,"967":0,"970":0,"971":0,"972":0,"974":0,"975":0,"978":0,"981":0,"982":0,"983":0,"985":0,"988":0,"989":0,"991":0,"992":0,"995":0,"1001":0,"1006":0,"1011":0,"1016":0,"1021":0,"1026":0,"1031":0,"1036":0,"1041":0,"1046":0,"1051":0,"1056":0,"1061":0,"1066":0,"1071":0,"1075":1}}}